<?xml version="1.0" encoding="UTF-8"?>
<testsuite xmlns:xsi="http://www.w3.org/2001/XMLSchema-instance" xsi:noNamespaceSchemaLocation="https://maven.apache.org/surefire/maven-failsafe-plugin/xsd/failsafe-test-report-3.0.xsd" version="3.0" name="CucumberTestSuite" time="50.232" tests="5" errors="1" skipped="0" failures="0">
  <properties>
[...]
</properties>
  <testcase name="Approve a vaccination booking" classname="Manage vaccination bookings" time="15.19">
    <system-out><![CDATA[15:22:09.333 [main] INFO io.cucumber.core.plugin.SerenityReporter - Running feature from file:///C:/Users/ASUSTUF/OneDrive/Documents/Capstone%20Project/Web%20Automation/src/test/resources/features/ManageVaccinationBookings.feature
15:22:09.481 [main] INFO  - 

-------------------------------------------------------------------------------------
     _______. _______ .______       _______ .__   __.  __  .___________.____    ____ 
    /       ||   ____||   _  \     |   ____||  \ |  | |  | |           |\   \  /   / 
   |   (----`|  |__   |  |_)  |    |  |__   |   \|  | |  | `---|  |----` \   \/   /  
    \   \    |   __|  |      /     |   __|  |  . `  | |  |     |  |       \_    _/   
.----)   |   |  |____ |  |\  \----.|  |____ |  |\   | |  |     |  |         |  |     
|_______/    |_______|| _| `._____||_______||__| \__| |__|     |__|         |__|    
                                                                                     
 News and tutorials at http://www.serenity-bdd.info                                  
 Documentation at https://wakaleo.gitbooks.io/the-serenity-book/content/             
 Join the Serenity Community on Gitter: https://gitter.im/serenity-bdd/serenity-core 
 Serenity BDD Support and Training at http://serenity-bdd.info/#/trainingandsupport  
-------------------------------------------------------------------------------------

15:22:09.484 [main] DEBUG net.thucydides.core.steps.StepEventBus - Test suite started for story net.thucydides.core.model.Story@cce5c3f8
15:22:09.486 [main] INFO  - Test Suite Started: Manage vaccination bookings
15:22:09.501 [main] INFO io.cucumber.core.plugin.SerenityReporter - Running feature from file:///C:/Users/ASUSTUF/OneDrive/Documents/Capstone%20Project/Web%20Automation/src/test/resources/features/VaccineNames.feature
15:22:09.504 [main] DEBUG net.thucydides.core.steps.StepEventBus - Test suite started for story net.thucydides.core.model.Story@942a1b8b
15:22:09.505 [main] INFO  - Test Suite Started: Vaccine names
15:22:09.507 [main] INFO io.cucumber.core.plugin.SerenityReporter - Running feature from file:///C:/Users/ASUSTUF/OneDrive/Documents/Capstone%20Project/Web%20Automation/src/test/resources/features/ManageVaccinationBookings.feature
15:22:09.516 [main] DEBUG net.thucydides.core.steps.StepEventBus - Test suite started for story net.thucydides.core.model.Story@cce5c3f8
15:22:09.516 [main] INFO  - Test Suite Started: Manage vaccination bookings

Scenario: Approve a vaccination booking &amp#27;[90m# src/test/resources/features/ManageVaccinationBookings.feature:6&amp#27;[0m
15:22:09.600 [main] INFO io.cucumber.core.plugin.SerenityReporter - Running feature from file:///C:/Users/ASUSTUF/OneDrive/Documents/Capstone%20Project/Web%20Automation/src/test/resources/features/ManageVaccinationBookings.feature
15:22:09.702 [main] INFO  - 
  _____   ___   ___   _____     ___   _____     _     ___   _____   ___   ___  
 |_   _| | __| / __| |_   _|   / __| |_   _|   /_\   | _ \ |_   _| | __| |   \ 
   | |   | _|  \__ \   | |     \__ \   | |    / _ \  |   /   | |   | _|  | |) |
   |_|   |___| |___/   |_|     |___/   |_|   /_/ \_\ |_|_\   |_|   |___| |___/ 

Approve a vaccination booking(manage-vaccination-bookings;approve-a-vaccination-booking)
--------------------------------------------------------------------------------
15:22:10.367 [main] INFO net.serenitybdd.core.webdriver.driverproviders.ChromeDriverProvider - Using automatically driver download
15:22:11.035 [main] DEBUG io.github.bonigarcia.wdm.cache.ResolutionCache - Removing resolution chrome=108 from cache (expired on Wed Dec 21 14:40:45 ICT 2022)
15:22:11.054 [main] DEBUG org.apache.hc.client5.http.impl.classic.InternalHttpClient - ex-00000001: preparing request execution
15:22:11.058 [main] DEBUG org.apache.hc.client5.http.protocol.RequestAddCookies - Cookie spec selected: strict
15:22:11.064 [main] DEBUG org.apache.hc.client5.http.protocol.RequestAuthCache - Auth cache not set in the context
15:22:11.064 [main] DEBUG org.apache.hc.client5.http.impl.classic.ProtocolExec - ex-00000001: target auth state: UNCHALLENGED
15:22:11.064 [main] DEBUG org.apache.hc.client5.http.impl.classic.ProtocolExec - ex-00000001: proxy auth state: UNCHALLENGED
15:22:11.064 [main] DEBUG org.apache.hc.client5.http.impl.classic.ConnectExec - ex-00000001: acquiring connection with route {s}->https://raw.githubusercontent.com:443
15:22:11.064 [main] DEBUG org.apache.hc.client5.http.impl.classic.InternalHttpClient - ex-00000001: acquiring endpoint (3 MINUTES)
15:22:11.067 [main] DEBUG org.apache.hc.client5.http.impl.io.PoolingHttpClientConnectionManager - ex-00000001: endpoint lease request (3 MINUTES) [route: {s}->https://raw.githubusercontent.com:443][total available: 0; route allocated: 0 of 5; total allocated: 0 of 25]
15:22:11.071 [main] DEBUG org.apache.hc.client5.http.impl.io.PoolingHttpClientConnectionManager - ex-00000001: endpoint leased [route: {s}->https://raw.githubusercontent.com:443][total available: 0; route allocated: 1 of 5; total allocated: 1 of 25]
15:22:11.082 [main] DEBUG org.apache.hc.client5.http.impl.io.PoolingHttpClientConnectionManager - ex-00000001: acquired ep-00000000
15:22:11.083 [main] DEBUG org.apache.hc.client5.http.impl.classic.InternalHttpClient - ex-00000001: acquired endpoint ep-00000000
15:22:11.083 [main] DEBUG org.apache.hc.client5.http.impl.classic.ConnectExec - ex-00000001: opening connection {s}->https://raw.githubusercontent.com:443
15:22:11.083 [main] DEBUG org.apache.hc.client5.http.impl.classic.InternalHttpClient - ep-00000000: connecting endpoint (30 SECONDS)
15:22:11.083 [main] DEBUG org.apache.hc.client5.http.impl.io.PoolingHttpClientConnectionManager - ep-00000000: connecting endpoint to https://raw.githubusercontent.com:443 (30 SECONDS)
15:22:11.096 [main] DEBUG org.apache.hc.client5.http.impl.io.DefaultHttpClientConnectionOperator - http-outgoing-0: connecting to raw.githubusercontent.com/185.199.108.133:443
15:22:11.096 [main] DEBUG org.apache.hc.client5.http.ssl.SSLConnectionSocketFactory - Connecting socket to raw.githubusercontent.com/185.199.108.133:443 with timeout 30 SECONDS
15:22:11.167 [main] DEBUG org.apache.hc.client5.http.ssl.SSLConnectionSocketFactory - Enabled protocols: [TLSv1.3, TLSv1.2]
15:22:11.167 [main] DEBUG org.apache.hc.client5.http.ssl.SSLConnectionSocketFactory - Enabled cipher suites: [TLS_AES_256_GCM_SHA384, TLS_AES_128_GCM_SHA256, TLS_CHACHA20_POLY1305_SHA256, TLS_ECDHE_ECDSA_WITH_AES_256_GCM_SHA384, TLS_ECDHE_ECDSA_WITH_AES_128_GCM_SHA256, TLS_ECDHE_ECDSA_WITH_CHACHA20_POLY1305_SHA256, TLS_ECDHE_RSA_WITH_AES_256_GCM_SHA384, TLS_ECDHE_RSA_WITH_CHACHA20_POLY1305_SHA256, TLS_ECDHE_RSA_WITH_AES_128_GCM_SHA256, TLS_DHE_RSA_WITH_AES_256_GCM_SHA384, TLS_DHE_RSA_WITH_CHACHA20_POLY1305_SHA256, TLS_DHE_DSS_WITH_AES_256_GCM_SHA384, TLS_DHE_RSA_WITH_AES_128_GCM_SHA256, TLS_DHE_DSS_WITH_AES_128_GCM_SHA256, TLS_ECDHE_ECDSA_WITH_AES_256_CBC_SHA384, TLS_ECDHE_RSA_WITH_AES_256_CBC_SHA384, TLS_ECDHE_ECDSA_WITH_AES_128_CBC_SHA256, TLS_ECDHE_RSA_WITH_AES_128_CBC_SHA256, TLS_DHE_RSA_WITH_AES_256_CBC_SHA256, TLS_DHE_DSS_WITH_AES_256_CBC_SHA256, TLS_DHE_RSA_WITH_AES_128_CBC_SHA256, TLS_DHE_DSS_WITH_AES_128_CBC_SHA256, TLS_ECDH_ECDSA_WITH_AES_256_GCM_SHA384, TLS_ECDH_RSA_WITH_AES_256_GCM_SHA384, TLS_ECDH_ECDSA_WITH_AES_128_GCM_SHA256, TLS_ECDH_RSA_WITH_AES_128_GCM_SHA256, TLS_ECDH_ECDSA_WITH_AES_256_CBC_SHA384, TLS_ECDH_RSA_WITH_AES_256_CBC_SHA384, TLS_ECDH_ECDSA_WITH_AES_128_CBC_SHA256, TLS_ECDH_RSA_WITH_AES_128_CBC_SHA256, TLS_ECDHE_ECDSA_WITH_AES_256_CBC_SHA, TLS_ECDHE_RSA_WITH_AES_256_CBC_SHA, TLS_ECDHE_ECDSA_WITH_AES_128_CBC_SHA, TLS_ECDHE_RSA_WITH_AES_128_CBC_SHA, TLS_DHE_RSA_WITH_AES_256_CBC_SHA, TLS_DHE_DSS_WITH_AES_256_CBC_SHA, TLS_DHE_RSA_WITH_AES_128_CBC_SHA, TLS_DHE_DSS_WITH_AES_128_CBC_SHA, TLS_ECDH_ECDSA_WITH_AES_256_CBC_SHA, TLS_ECDH_RSA_WITH_AES_256_CBC_SHA, TLS_ECDH_ECDSA_WITH_AES_128_CBC_SHA, TLS_ECDH_RSA_WITH_AES_128_CBC_SHA, TLS_RSA_WITH_AES_256_GCM_SHA384, TLS_RSA_WITH_AES_128_GCM_SHA256, TLS_RSA_WITH_AES_256_CBC_SHA256, TLS_RSA_WITH_AES_128_CBC_SHA256, TLS_RSA_WITH_AES_256_CBC_SHA, TLS_RSA_WITH_AES_128_CBC_SHA, TLS_EMPTY_RENEGOTIATION_INFO_SCSV]
15:22:11.168 [main] DEBUG org.apache.hc.client5.http.ssl.SSLConnectionSocketFactory - Starting handshake
15:22:11.293 [main] DEBUG org.apache.hc.client5.http.ssl.SSLConnectionSocketFactory - Secure session established
15:22:11.293 [main] DEBUG org.apache.hc.client5.http.ssl.SSLConnectionSocketFactory -  negotiated protocol: TLSv1.3
15:22:11.293 [main] DEBUG org.apache.hc.client5.http.ssl.SSLConnectionSocketFactory -  negotiated cipher suite: TLS_AES_256_GCM_SHA384
15:22:11.293 [main] DEBUG org.apache.hc.client5.http.ssl.SSLConnectionSocketFactory -  peer principal: CN=*.github.io, O="GitHub, Inc.", L=San Francisco, ST=California, C=US
15:22:11.295 [main] DEBUG org.apache.hc.client5.http.ssl.SSLConnectionSocketFactory -  peer alternative names: [*.github.io, github.com, *.github.com, www.github.com, github.io, githubusercontent.com, *.githubusercontent.com]
15:22:11.295 [main] DEBUG org.apache.hc.client5.http.ssl.SSLConnectionSocketFactory -  issuer principal: CN=DigiCert TLS RSA SHA256 2020 CA1, O=DigiCert Inc, C=US
15:22:11.296 [main] DEBUG org.apache.hc.client5.http.impl.io.DefaultHttpClientConnectionOperator - http-outgoing-0: connection established 192.168.100.29:62178<->185.199.108.133:443
15:22:11.298 [main] DEBUG org.apache.hc.client5.http.impl.io.PoolingHttpClientConnectionManager - ep-00000000: connected http-outgoing-0
15:22:11.298 [main] DEBUG org.apache.hc.client5.http.impl.classic.InternalHttpClient - ep-00000000: endpoint connected
15:22:11.299 [main] DEBUG org.apache.hc.client5.http.impl.classic.MainClientExec - ex-00000001: executing GET /bonigarcia/webdrivermanager/master/src/main/resources/commands.properties HTTP/1.1
15:22:11.299 [main] DEBUG org.apache.hc.client5.http.impl.classic.InternalHttpClient - ep-00000000: start execution ex-00000001
15:22:11.299 [main] DEBUG org.apache.hc.client5.http.impl.io.PoolingHttpClientConnectionManager - ep-00000000: executing exchange ex-00000001 over http-outgoing-0
15:22:11.300 [main] DEBUG org.apache.hc.client5.http.headers - http-outgoing-0 >> GET /bonigarcia/webdrivermanager/master/src/main/resources/commands.properties HTTP/1.1
15:22:11.300 [main] DEBUG org.apache.hc.client5.http.headers - http-outgoing-0 >> user-agent: Apache-HttpClient/5.0
15:22:11.300 [main] DEBUG org.apache.hc.client5.http.headers - http-outgoing-0 >> accept-encoding: gzip, deflate, br
15:22:11.300 [main] DEBUG org.apache.hc.client5.http.headers - http-outgoing-0 >> cache-control: max-age=0
15:22:11.300 [main] DEBUG org.apache.hc.client5.http.headers - http-outgoing-0 >> connection: keep-alive
15:22:11.300 [main] DEBUG org.apache.hc.client5.http.headers - http-outgoing-0 >> Host: raw.githubusercontent.com
15:22:11.300 [main] DEBUG org.apache.hc.client5.http.wire - http-outgoing-0 >> "GET /bonigarcia/webdrivermanager/master/src/main/resources/commands.properties HTTP/1.1[\r][\n]"
15:22:11.300 [main] DEBUG org.apache.hc.client5.http.wire - http-outgoing-0 >> "user-agent: Apache-HttpClient/5.0[\r][\n]"
15:22:11.300 [main] DEBUG org.apache.hc.client5.http.wire - http-outgoing-0 >> "accept-encoding: gzip, deflate, br[\r][\n]"
15:22:11.300 [main] DEBUG org.apache.hc.client5.http.wire - http-outgoing-0 >> "cache-control: max-age=0[\r][\n]"
15:22:11.300 [main] DEBUG org.apache.hc.client5.http.wire - http-outgoing-0 >> "connection: keep-alive[\r][\n]"
15:22:11.300 [main] DEBUG org.apache.hc.client5.http.wire - http-outgoing-0 >> "Host: raw.githubusercontent.com[\r][\n]"
15:22:11.300 [main] DEBUG org.apache.hc.client5.http.wire - http-outgoing-0 >> "[\r][\n]"
15:22:11.317 [main] DEBUG org.apache.hc.client5.http.wire - http-outgoing-0 << "HTTP/1.1 200 OK[\r][\n]"
15:22:11.317 [main] DEBUG org.apache.hc.client5.http.wire - http-outgoing-0 << "Connection: keep-alive[\r][\n]"
15:22:11.317 [main] DEBUG org.apache.hc.client5.http.wire - http-outgoing-0 << "Content-Length: 723[\r][\n]"
15:22:11.317 [main] DEBUG org.apache.hc.client5.http.wire - http-outgoing-0 << "Cache-Control: max-age=300[\r][\n]"
15:22:11.317 [main] DEBUG org.apache.hc.client5.http.wire - http-outgoing-0 << "Content-Security-Policy: default-src 'none'; style-src 'unsafe-inline'; sandbox[\r][\n]"
15:22:11.317 [main] DEBUG org.apache.hc.client5.http.wire - http-outgoing-0 << "Content-Type: text/plain; charset=utf-8[\r][\n]"
15:22:11.317 [main] DEBUG org.apache.hc.client5.http.wire - http-outgoing-0 << "ETag: W/"e82b438271e9e8680c688b0b680efd0bdd22faa6d6f0a32fc1fd8accc486b67e"[\r][\n]"
15:22:11.317 [main] DEBUG org.apache.hc.client5.http.wire - http-outgoing-0 << "Strict-Transport-Security: max-age=31536000[\r][\n]"
15:22:11.317 [main] DEBUG org.apache.hc.client5.http.wire - http-outgoing-0 << "X-Content-Type-Options: nosniff[\r][\n]"
15:22:11.317 [main] DEBUG org.apache.hc.client5.http.wire - http-outgoing-0 << "X-Frame-Options: deny[\r][\n]"
15:22:11.318 [main] DEBUG org.apache.hc.client5.http.wire - http-outgoing-0 << "X-XSS-Protection: 1; mode=block[\r][\n]"
15:22:11.318 [main] DEBUG org.apache.hc.client5.http.wire - http-outgoing-0 << "X-GitHub-Request-Id: 57EA:2E58:ECADB:15578B:639D742D[\r][\n]"
15:22:11.318 [main] DEBUG org.apache.hc.client5.http.wire - http-outgoing-0 << "Content-Encoding: gzip[\r][\n]"
15:22:11.318 [main] DEBUG org.apache.hc.client5.http.wire - http-outgoing-0 << "Accept-Ranges: bytes[\r][\n]"
15:22:11.318 [main] DEBUG org.apache.hc.client5.http.wire - http-outgoing-0 << "Date: Wed, 21 Dec 2022 08:22:11 GMT[\r][\n]"
15:22:11.318 [main] DEBUG org.apache.hc.client5.http.wire - http-outgoing-0 << "Via: 1.1 varnish[\r][\n]"
15:22:11.318 [main] DEBUG org.apache.hc.client5.http.wire - http-outgoing-0 << "X-Served-By: cache-qpg1253-QPG[\r][\n]"
15:22:11.318 [main] DEBUG org.apache.hc.client5.http.wire - http-outgoing-0 << "X-Cache: HIT[\r][\n]"
15:22:11.318 [main] DEBUG org.apache.hc.client5.http.wire - http-outgoing-0 << "X-Cache-Hits: 1[\r][\n]"
15:22:11.318 [main] DEBUG org.apache.hc.client5.http.wire - http-outgoing-0 << "X-Timer: S1671610931.464584,VS0,VE1[\r][\n]"
15:22:11.318 [main] DEBUG org.apache.hc.client5.http.wire - http-outgoing-0 << "Vary: Authorization,Accept-Encoding,Origin[\r][\n]"
15:22:11.318 [main] DEBUG org.apache.hc.client5.http.wire - http-outgoing-0 << "Access-Control-Allow-Origin: *[\r][\n]"
15:22:11.318 [main] DEBUG org.apache.hc.client5.http.wire - http-outgoing-0 << "X-Fastly-Request-ID: d1500ac801bc866edfc9efc84fa1e0c0ce9e6765[\r][\n]"
15:22:11.318 [main] DEBUG org.apache.hc.client5.http.wire - http-outgoing-0 << "Expires: Wed, 21 Dec 2022 08:27:11 GMT[\r][\n]"
15:22:11.318 [main] DEBUG org.apache.hc.client5.http.wire - http-outgoing-0 << "Source-Age: 61[\r][\n]"
15:22:11.318 [main] DEBUG org.apache.hc.client5.http.wire - http-outgoing-0 << "[\r][\n]"
15:22:11.320 [main] DEBUG org.apache.hc.client5.http.headers - http-outgoing-0 << HTTP/1.1 200 OK
15:22:11.320 [main] DEBUG org.apache.hc.client5.http.headers - http-outgoing-0 << Connection: keep-alive
15:22:11.320 [main] DEBUG org.apache.hc.client5.http.headers - http-outgoing-0 << Content-Length: 723
15:22:11.320 [main] DEBUG org.apache.hc.client5.http.headers - http-outgoing-0 << Cache-Control: max-age=300
15:22:11.320 [main] DEBUG org.apache.hc.client5.http.headers - http-outgoing-0 << Content-Security-Policy: default-src 'none'; style-src 'unsafe-inline'; sandbox
15:22:11.320 [main] DEBUG org.apache.hc.client5.http.headers - http-outgoing-0 << Content-Type: text/plain; charset=utf-8
15:22:11.320 [main] DEBUG org.apache.hc.client5.http.headers - http-outgoing-0 << ETag: W/"e82b438271e9e8680c688b0b680efd0bdd22faa6d6f0a32fc1fd8accc486b67e"
15:22:11.320 [main] DEBUG org.apache.hc.client5.http.headers - http-outgoing-0 << Strict-Transport-Security: max-age=31536000
15:22:11.320 [main] DEBUG org.apache.hc.client5.http.headers - http-outgoing-0 << X-Content-Type-Options: nosniff
15:22:11.320 [main] DEBUG org.apache.hc.client5.http.headers - http-outgoing-0 << X-Frame-Options: deny
15:22:11.320 [main] DEBUG org.apache.hc.client5.http.headers - http-outgoing-0 << X-XSS-Protection: 1; mode=block
15:22:11.320 [main] DEBUG org.apache.hc.client5.http.headers - http-outgoing-0 << X-GitHub-Request-Id: 57EA:2E58:ECADB:15578B:639D742D
15:22:11.320 [main] DEBUG org.apache.hc.client5.http.headers - http-outgoing-0 << Content-Encoding: gzip
15:22:11.320 [main] DEBUG org.apache.hc.client5.http.headers - http-outgoing-0 << Accept-Ranges: bytes
15:22:11.320 [main] DEBUG org.apache.hc.client5.http.headers - http-outgoing-0 << Date: Wed, 21 Dec 2022 08:22:11 GMT
15:22:11.320 [main] DEBUG org.apache.hc.client5.http.headers - http-outgoing-0 << Via: 1.1 varnish
15:22:11.320 [main] DEBUG org.apache.hc.client5.http.headers - http-outgoing-0 << X-Served-By: cache-qpg1253-QPG
15:22:11.320 [main] DEBUG org.apache.hc.client5.http.headers - http-outgoing-0 << X-Cache: HIT
15:22:11.320 [main] DEBUG org.apache.hc.client5.http.headers - http-outgoing-0 << X-Cache-Hits: 1
15:22:11.320 [main] DEBUG org.apache.hc.client5.http.headers - http-outgoing-0 << X-Timer: S1671610931.464584,VS0,VE1
15:22:11.320 [main] DEBUG org.apache.hc.client5.http.headers - http-outgoing-0 << Vary: Authorization,Accept-Encoding,Origin
15:22:11.320 [main] DEBUG org.apache.hc.client5.http.headers - http-outgoing-0 << Access-Control-Allow-Origin: *
15:22:11.320 [main] DEBUG org.apache.hc.client5.http.headers - http-outgoing-0 << X-Fastly-Request-ID: d1500ac801bc866edfc9efc84fa1e0c0ce9e6765
15:22:11.320 [main] DEBUG org.apache.hc.client5.http.headers - http-outgoing-0 << Expires: Wed, 21 Dec 2022 08:27:11 GMT
15:22:11.320 [main] DEBUG org.apache.hc.client5.http.headers - http-outgoing-0 << Source-Age: 61
15:22:11.323 [main] DEBUG org.apache.hc.client5.http.impl.classic.MainClientExec - ex-00000001: connection can be kept alive for 3 MINUTES
15:22:11.327 [main] DEBUG org.apache.hc.client5.http.wire - http-outgoing-0 << "[0x1f][0xffffff8b][0x8][0x0][0x0][0x0][0x0][0x0][0x0][0x3][0xffffffb5]V]o[0xffffffda]0[0x14]}[0xffffffe7]W\[0xffffff81]*[0xffffffb5][0x12][0x1f][[M[0xffffffd3]$[0x1e]hF[0xffffffbb]i [0x18][0xffffffb4][0xffffffdd]&[0xfffffff9][0xffffffc5]$7[0xffffffc1]R[0x12]#;[0xffffff94]v[0xffffffbf]~[0xffffffb6][0xfffffff3]1[0xffffff92][0xffffff9a][0xffffffc1][0x1a]x[0xffffffcb][0xffffffb5][0xffffffaf][0xffffffcf]9[0xffffffbe][0xfffffff7]8v[0xb][0x1c][0x1e]E4[0xfffffff6]$x4[0xffffffa1][0xb]*[0xffffffb1][0xffffffd1][0xffffff82][0xfffffffb]%[0xffffff93][0xffffffe0][0xffffffb3][0x10][0xffffffc1][0xffffffe5]qBY,!Y[0xffffffea] KM8,[0x10][0xfffffff0][0x19][0xffffffdd]u[0xffffff82][0x1e][0xffffffb0][0xffffffd8]L[0xffffffcb]%[0xffffff86][0xffffffa1][0xe][0xffffffb8][0xfffffff0]P[0xffffffe8]$[0xf][0x13]t[0x13]3[0xfffffff9][0xffffff84]B2[0xffffffae][0xffffffe6]|@[0xfffffff5][0x1d][0x8][0xffffffc4][0x18][0x16][0xffffff82]o[0xffffffa4][0xffffff9a]P[0xffffff94][0xffffffe7][0xffffffce]R[0xfffffff0][0x8][0xffffffdb]p[0xffffffcb][0x4][0xfffffffa][0xfffffffc][0xffffffb9][\r][0xffffff93][0x15][\n]"
15:22:11.328 [main] DEBUG org.apache.hc.client5.http.wire - http-outgoing-0 << "[0xffffffda][0xffffff86][0xffffffa1][0x17][0xffffffa8]Q3[0xffffffcb][0xffffffd6][0xffffffd1][0xffffff85][0xffffffc6][0xfffffff7][0xffffff98][0xffffffef][0xffffffa3][0xffffffc0]8[0x1][0xffffffae]s[0x12][0x16][0x7] _d[0xffffff82][0xffffff91][0xffffff84][0xfffffff3][0x1f],[0xfffffff6][0x14]j[0x1b]F,^+[0xffffff98]1ua2[0xffffffbf]h([0xffffff8e][0xffffff94][0xffffffa2][0xffffff91]m[0xffffffa3][0xffffffeb][0xffffff9a][0xffffffb0][0xffffffbb]I[0x17]t[0xffffffdf][0xffffffbd][0xffffffef][0xffffffbb][0xffffff91][0xffffffd7]U[0xffffffbb][0xffffff82][0xffffff9e][0x3][0xffffff9b][0xffffff88][0xffffffb9][0xffffffa6]$[0xffffffa6][0xc][0xffffff9b][0xffffffa5][0xffffffe2][0xffffff83][0xffffff98]F[0xffffffd8]o[0xffffff9e]Mg[0xffffff93][0xffffffbb][0xffffffd9]`|[0xfffffffb]u4[0xffffff9c][0x7f]"}B[0xffffffce][0x8][0xffffffb9][0xffffffe3]<[0x8][0xffffff91][0xffffff90][0xffffff94][0xffffff82][0xffffff90][0xffffffc1]j[0x15]2WI[0xffffffe3]1![0x19][0xffffff91]BnB[0xffffff80][0x9]<f[0xffffffb5][0xffffffe8]=[0xffffffd1]p[0xffffffbd][[0xffffffcf][0xffffffe5][0x1b][0xfffffff4][0xffffff9c][0xffffffff][0xfffffffc][0xfffffff8][0xffffffe1][0xffffffe2][0xffffff94][0xffffffa2][0xffffffae][0xe][0x14]5[0xffffff9a]8[0xffffff83][0xffffffd1]`:[0xfffffffd]<[0xffffffb8][0x1f][0xffffff9c]R[0xffffffcf]u[0x7f]6[0xffffffbc][0xffffff83][0xffffffef][0xf][0xffffffc3][0xffffffd9]/[0xfffffff8][0xfffffff2][0xffffffcd]y s[0xffffffee]'[0x1b]*0g[0xffffffcb][0xffffffc8]nF7H][0xffffff83][0xffffff97]{[0xffffffb1]Q[0x5][\r][0xffffffb5]c[0xffffffb4][0xf][0x2][0xffffffb3][0xffffffb4][0xffffff93][0xe]C[0xffffffa7][0xffffffb3]kAD][0xffffff9d][0xffffffde][0xffffffdb][0xffffffda][0xffffff88][0xffffffec][0xffffffa5][0xffffffbc][0xffffff99][0xffffffd9][0xffffffba]t[0xffffffb5][0xffffffea]9[0xffffffea][0x10])[0xffffffb7][0xffffffca][0xffffff9e][0xfffffff2][0xffffffe2]d^N[0xffffffd8]FW[0x16][0xffffffcd][0xffffffdc]_[0x10][0xfffffff9]i|[0x1c][0xffffff93][0xffffff8e][0xfffffff9]o[0x16][0xffffff86]4'!$G[0xffffffdf]W[0xfffffff4]W*j[[0xfffffff3]xR[0xffffffae][0xffffffb6][0xc][0xffffffd0],; #[0xffffffa9][0xffffff92]5[0xffffffb5][0x7][0xffffff9c][0xffffffb5][0xffffffd0][0x7f][0xffffff90][0xffffffc7]jgs[0xfffffffc][0xffffffc2][0xb][0xffffffd9][0x0]t[0xffffff9e]^'Y[0xfffffffb][0xffffff9f][0xffffffb1][0xffffffd8]:[0xffffffbf][0xffffff8d][0xffffffa5][0xffffff9a][0xffffffad][0x7f]m[0x5]&[0xffffffaa][0xffffffa0]^[0xffffff9b][0xffffffcb][0x5]f[0xffffffae][0xffffffe0]RU[0xffffff82][0x10]MS9l[0xffffff91]4t[0xfffffffb][0xffffff8a]][0xffffffd6][0xfffffff4][0xffffff96][0xffffffa6][0xffffff9f]P[0xffffffce][0xffffffd5][0xffffffce][0xffffff93][0xffffffff][0xffffff97][0xffffffcc]p[0xfffffffd][0xfffffff3][0xffffffe8][0x1b][0xffffffcc][0xffffffa2][0xffffffd9]Q[0xffffffbe][0xffffffb2][0xffffffa3][0xffffffc7]m'[0xffffffdf][0xffffffe4][[0xfffffffb]^[0xffffffb0][0xffffff9a][0xffffffbe][0xffffffda][0xffffffda]_[0xffffffce][0xffffff80][0xffffffd2][0xffffffc1]7[0xffffffb7]][0xffffffc1]b[0xffffffee][0xffffffb5][0xffffffff]w[0xffffff83][0xffffffed][0xffffffa7];[0x15]<[0x10]4[0xffffff92][0xffffff84][0x18][\n]"
15:22:11.328 [main] DEBUG org.apache.hc.client5.http.wire - http-outgoing-0 << "BB[0xffffffba][0xffffff8e]][0xffffffb5]jo[0xffffffb9]+"[0xffffffea][0xffffffb4][0xffffffff]h"[0xffffffea]\?5[0xffffffa9][0xffffffaf]k[0xffffffec][0xffffffff]P[0xffffffea][\n]"
15:22:11.328 [main] DEBUG org.apache.hc.client5.http.wire - http-outgoing-0 << "w[0xffffffe1]K[0x13][0xffffffda][0xffffffec][0xffffff98][0xffffffe6]Y[0xfffffffd]h8m6[0xffffff9c]T[0xffffffc1][0xfffffff2][0xffffffa7][0xffffff91]z_[0xffffff95]o85p[0x1c][0x13][0xffffffe6][0xfffffff0]5[0xffffffee][0xfffffffc][0xffffff92][0xffffff96][0xffffffda][0xfffffff7][0xffffffcf][0xffffffb1][0x5][0x1d][0xffffffea]K[0xffffff9b]9[0xffffff8e][0xffffffad]e[0xfffffff7][0xffffff93][0xffffffa8]`[0xffffffda][0xffffffff][0x1a][0xffffffd2][0xffffff88][0xffffff85][0xfffffffd][0xfffffff2][0xffffff91]N[0xfffffff6]`[0xffffffdf]2[0xffffffcf][0xffffffae]E[0xffffff97][0xffffffc5][0xffffffa2][0xffffff9d][0xffffffef]'[0xffffff9d]mun.[0xffffffd3]f^[0xffffffc7][0xffffff82][0xffffffda][0xffffff82]9[0xfffffff5][0xffffffa9]`[0x5][0xffffffbc]4[0xffffffa1][0x1d]<M[0xffffffb5]A[0xffffffa7]3[[0xffffffc0][0x7f][0x0][0xffffffc1][0xffffffd0]$[0xffffff85][0x1d][\r][0x0][0x0]"
15:22:11.328 [main] DEBUG org.apache.hc.client5.http.impl.classic.InternalHttpClient - ep-00000000: releasing valid endpoint
15:22:11.328 [main] DEBUG org.apache.hc.client5.http.impl.io.PoolingHttpClientConnectionManager - ep-00000000: releasing endpoint
15:22:11.328 [main] DEBUG org.apache.hc.client5.http.impl.io.PoolingHttpClientConnectionManager - ep-00000000: connection http-outgoing-0 can be kept alive for 3 MINUTES
15:22:11.329 [main] DEBUG org.apache.hc.client5.http.impl.io.PoolingHttpClientConnectionManager - ep-00000000: connection released [route: {s}->https://raw.githubusercontent.com:443][total available: 1; route allocated: 1 of 5; total allocated: 1 of 25]
15:22:11.329 [main] DEBUG io.github.bonigarcia.wdm.versions.VersionDetector - Detecting chrome version using online commands.properties
15:22:11.331 [main] DEBUG io.github.bonigarcia.wdm.versions.Shell - Running command on the shell: [cmd.exe, /C, wmic, datafile, where, name="%PROGRAMFILES:\=\\%\\Google\\Chrome\\Application\\chrome.exe", get, Version, /value]
15:22:11.502 [main] DEBUG io.github.bonigarcia.wdm.versions.Shell - Result: 
15:22:11.503 [main] DEBUG io.github.bonigarcia.wdm.versions.Shell - Running command on the shell: [cmd.exe, /C, wmic, datafile, where, name="%PROGRAMFILES(X86):\=\\%\\Google\\Chrome\\Application\\chrome.exe", get, Version, /value]
15:22:11.611 [main] DEBUG io.github.bonigarcia.wdm.versions.Shell - Result: 
15:22:11.611 [main] DEBUG io.github.bonigarcia.wdm.versions.Shell - Running command on the shell: [cmd.exe, /C, wmic, datafile, where, name="%LOCALAPPDATA:\=\\%\\Google\\Chrome\\Application\\chrome.exe", get, Version, /value]
15:22:11.735 [main] DEBUG io.github.bonigarcia.wdm.versions.Shell - Result: Version=108.0.5359.125
15:22:11.739 [main] DEBUG io.github.bonigarcia.wdm.cache.ResolutionCache - Resolution chrome108=108.0.5359.71 in cache (valid until 13:40:45 22/12/2022 ICT)
15:22:11.741 [main] INFO io.github.bonigarcia.wdm.WebDriverManager - Using chromedriver 108.0.5359.71 (resolved driver for Chrome 108)
15:22:11.746 [main] DEBUG io.github.bonigarcia.wdm.cache.ResolutionCache - Storing resolution chrome=108 in cache (valid until 16:22:11 21/12/2022 ICT)
15:22:11.761 [main] DEBUG io.github.bonigarcia.wdm.WebDriverManager - Driver chromedriver 108.0.5359.71 found in cache
15:22:11.763 [main] INFO io.github.bonigarcia.wdm.WebDriverManager - Exporting webdriver.chrome.driver as C:\Users\ASUSTUF\.cache\selenium\chromedriver\win32\108.0.5359.71\chromedriver.exe
15:22:12.294 [main] DEBUG net.thucydides.core.reflection.ClassFinder - Could not load class .CucumberTestSuite
15:22:12.294 [main] DEBUG net.thucydides.core.reflection.ClassFinder - Could not load class .starter.pages.ManageVaccinationBookingsPage
15:22:12.295 [main] DEBUG net.thucydides.core.reflection.ClassFinder - Could not load class .starter.pages.VaccineNamesPage
15:22:12.295 [main] DEBUG net.thucydides.core.reflection.ClassFinder - Could not load class .starter.stepdefinitions.ManageVaccinationBookingsSteps
15:22:12.295 [main] DEBUG net.thucydides.core.reflection.ClassFinder - Could not load class .starter.stepdefinitions.VaccineNamesSteps
15:22:12.297 [main] DEBUG net.thucydides.core.reflection.ClassFinder - Could not load class META-INF.versions.9.com.sun.istack.logging.StackHelper
15:22:12.297 [main] DEBUG net.thucydides.core.reflection.ClassFinder - Could not load class META-INF.versions.9.com.sun.xml.bind.v2.runtime.reflect.opt.AccessorInjector
15:22:12.298 [main] DEBUG net.thucydides.core.reflection.ClassFinder - Could not load class META-INF.versions.9.com.sun.xml.bind.v2.runtime.reflect.opt.Injector
15:22:12.298 [main] DEBUG net.thucydides.core.reflection.ClassFinder - Could not load class META-INF.versions.9.com.sun.xml.bind.v2.runtime.reflect.opt.OptimizedAccessorFactory
15:22:12.298 [main] DEBUG net.thucydides.core.reflection.ClassFinder - Could not load class META-INF.versions.9.com.sun.xml.bind.v2.runtime.reflect.opt.OptimizedTransducedAccessorFactory
15:22:12.298 [main] DEBUG net.thucydides.core.reflection.ClassFinder - Could not load class META-INF.versions.9.io.opentelemetry.sdk.internal.CurrentJavaVersionSpecific
15:22:12.299 [main] DEBUG net.thucydides.core.reflection.ClassFinder - Could not load class META-INF.versions.9.io.opentelemetry.sdk.internal.Java9VersionSpecific
15:22:12.299 [main] DEBUG net.thucydides.core.reflection.ClassFinder - Could not load class META-INF.versions.9.javax.xml.bind.ModuleUtil
15:22:12.299 [main] DEBUG net.thucydides.core.reflection.ClassFinder - Could not load class META-INF.versions.9.module-info
15:22:12.300 [main] DEBUG net.thucydides.core.reflection.ClassFinder - Could not load class META-INF.versions.9.org.junit.platform.commons.util.ModuleUtils
15:22:12.598 [main] DEBUG net.thucydides.core.reflection.ClassFinder - Could not load class com.google.gson.internal.
15:22:12.745 [main] DEBUG net.thucydides.core.reflection.ClassFinder - Could not load class com.sun.xml.bind.v2.runtime.output.FastInfosetStreamWriterOutput
15:22:13.138 [main] DEBUG net.thucydides.core.reflection.ClassFinder - Could not load class module-info
15:22:15.465 [main] DEBUG io.netty.util.internal.logging.InternalLoggerFactory - Using SLF4J as the default logging framework
15:22:15.470 [main] DEBUG io.netty.util.ResourceLeakDetector - -Dio.netty.leakDetection.level: simple
15:22:15.470 [main] DEBUG io.netty.util.ResourceLeakDetector - -Dio.netty.leakDetection.targetRecords: 4
15:22:15.475 [main] DEBUG io.netty.util.ResourceLeakDetectorFactory - Loaded default ResourceLeakDetector: io.netty.util.ResourceLeakDetector@4589bc66
15:22:15.497 [main] DEBUG io.netty.util.internal.PlatformDependent0 - -Dio.netty.noUnsafe: false
15:22:15.498 [main] DEBUG io.netty.util.internal.PlatformDependent0 - Java version: 11
15:22:15.499 [main] DEBUG io.netty.util.internal.PlatformDependent0 - sun.misc.Unsafe.theUnsafe: available
15:22:15.500 [main] DEBUG io.netty.util.internal.PlatformDependent0 - sun.misc.Unsafe.copyMemory: available
15:22:15.501 [main] DEBUG io.netty.util.internal.PlatformDependent0 - java.nio.Buffer.address: available
15:22:15.501 [main] DEBUG io.netty.util.internal.PlatformDependent0 - direct buffer constructor: unavailable: Reflective setAccessible(true) disabled
15:22:15.501 [main] DEBUG io.netty.util.internal.PlatformDependent0 - java.nio.Bits.unaligned: available, true
15:22:15.502 [main] DEBUG io.netty.util.internal.PlatformDependent0 - jdk.internal.misc.Unsafe.allocateUninitializedArray(int): unavailable: class io.netty.util.internal.PlatformDependent0$6 cannot access class jdk.internal.misc.Unsafe (in module java.base) because module java.base does not export jdk.internal.misc to unnamed module @b93aad
15:22:15.505 [main] DEBUG io.netty.util.internal.PlatformDependent0 - java.nio.DirectByteBuffer.<init>(long, int): unavailable
15:22:15.505 [main] DEBUG io.netty.util.internal.PlatformDependent - sun.misc.Unsafe: available
15:22:15.508 [main] DEBUG io.netty.util.internal.PlatformDependent - maxDirectMemory: 2105540608 bytes (maybe)
15:22:15.508 [main] DEBUG io.netty.util.internal.PlatformDependent - -Dio.netty.tmpdir: C:\Users\ASUSTUF\AppData\Local\Temp (java.io.tmpdir)
15:22:15.509 [main] DEBUG io.netty.util.internal.PlatformDependent - -Dio.netty.bitMode: 64 (sun.arch.data.model)
15:22:15.509 [main] DEBUG io.netty.util.internal.PlatformDependent - Platform: Windows
15:22:15.509 [main] DEBUG io.netty.util.internal.PlatformDependent - -Dio.netty.maxDirectMemory: -1 bytes
15:22:15.509 [main] DEBUG io.netty.util.internal.PlatformDependent - -Dio.netty.uninitializedArrayAllocationThreshold: -1
15:22:15.510 [main] DEBUG io.netty.util.internal.CleanerJava9 - java.nio.ByteBuffer.cleaner(): available
15:22:15.510 [main] DEBUG io.netty.util.internal.PlatformDependent - -Dio.netty.noPreferDirect: false
15:22:15.520 [main] DEBUG io.netty.util.internal.PlatformDependent - org.jctools-core.MpscChunkedArrayQueue: available
15:22:15.541 [main] DEBUG io.netty.util.internal.InternalThreadLocalMap - -Dio.netty.threadLocalMap.stringBuilder.initialSize: 1024
15:22:15.541 [main] DEBUG io.netty.util.internal.InternalThreadLocalMap - -Dio.netty.threadLocalMap.stringBuilder.maxSize: 4096
15:22:15.560 [main] DEBUG io.netty.handler.ssl.JdkSslContext - Default protocols (JDK): [TLSv1.3, TLSv1.2] 
15:22:15.561 [main] DEBUG io.netty.handler.ssl.JdkSslContext - Default cipher suites (JDK): [TLS_ECDHE_ECDSA_WITH_AES_256_GCM_SHA384, TLS_ECDHE_ECDSA_WITH_AES_128_GCM_SHA256, TLS_ECDHE_RSA_WITH_AES_128_GCM_SHA256, TLS_ECDHE_RSA_WITH_AES_256_GCM_SHA384, TLS_ECDHE_RSA_WITH_AES_128_CBC_SHA, TLS_ECDHE_RSA_WITH_AES_256_CBC_SHA, TLS_RSA_WITH_AES_128_GCM_SHA256, TLS_RSA_WITH_AES_128_CBC_SHA, TLS_RSA_WITH_AES_256_CBC_SHA, TLS_AES_128_GCM_SHA256, TLS_AES_256_GCM_SHA384]
15:22:15.590 [main] DEBUG io.netty.channel.MultithreadEventLoopGroup - -Dio.netty.eventLoopThreads: 32
15:22:15.600 [main] DEBUG io.netty.channel.nio.NioEventLoop - -Dio.netty.noKeySetOptimization: false
15:22:15.601 [main] DEBUG io.netty.channel.nio.NioEventLoop - -Dio.netty.selectorAutoRebuildThreshold: 512
15:22:15.652 [main] DEBUG io.netty.buffer.PooledByteBufAllocator - -Dio.netty.allocator.numHeapArenas: 20
15:22:15.652 [main] DEBUG io.netty.buffer.PooledByteBufAllocator - -Dio.netty.allocator.numDirectArenas: 20
15:22:15.652 [main] DEBUG io.netty.buffer.PooledByteBufAllocator - -Dio.netty.allocator.pageSize: 8192
15:22:15.652 [main] DEBUG io.netty.buffer.PooledByteBufAllocator - -Dio.netty.allocator.maxOrder: 11
15:22:15.652 [main] DEBUG io.netty.buffer.PooledByteBufAllocator - -Dio.netty.allocator.chunkSize: 16777216
15:22:15.652 [main] DEBUG io.netty.buffer.PooledByteBufAllocator - -Dio.netty.allocator.smallCacheSize: 256
15:22:15.652 [main] DEBUG io.netty.buffer.PooledByteBufAllocator - -Dio.netty.allocator.normalCacheSize: 64
15:22:15.652 [main] DEBUG io.netty.buffer.PooledByteBufAllocator - -Dio.netty.allocator.maxCachedBufferCapacity: 32768
15:22:15.652 [main] DEBUG io.netty.buffer.PooledByteBufAllocator - -Dio.netty.allocator.cacheTrimInterval: 8192
15:22:15.652 [main] DEBUG io.netty.buffer.PooledByteBufAllocator - -Dio.netty.allocator.cacheTrimIntervalMillis: 0
15:22:15.652 [main] DEBUG io.netty.buffer.PooledByteBufAllocator - -Dio.netty.allocator.useCacheForAllThreads: true
15:22:15.652 [main] DEBUG io.netty.buffer.PooledByteBufAllocator - -Dio.netty.allocator.maxCachedByteBuffersPerChunk: 1023
15:22:15.662 [main] DEBUG io.netty.buffer.ByteBufUtil - -Dio.netty.allocator.type: pooled
15:22:15.662 [main] DEBUG io.netty.buffer.ByteBufUtil - -Dio.netty.threadLocalDirectBufferSize: 0
15:22:15.662 [main] DEBUG io.netty.buffer.ByteBufUtil - -Dio.netty.maxThreadLocalCharBufferSize: 16384
15:22:15.846 [main] DEBUG net.serenitybdd.core.webdriver.driverproviders.ProvideNewDriver - Instantiating driver
15:22:15.846 [main] DEBUG net.serenitybdd.core.webdriver.driverproviders.ProvideNewDriver - Driver capabilities: Capabilities {acceptInsecureCerts: false, base.url: https://vaksin-id.netlify.app/, browserName: chrome, chrome.driver: src/test/resources/webdrive..., driver: chrome, goog:chromeOptions: {args: [], extensions: []}}
15:22:16.381 [Forwarding newSession on session null to remote] DEBUG io.netty.channel.DefaultChannelId - -Dio.netty.processId: 24936 (auto-detected)
15:22:16.383 [Forwarding newSession on session null to remote] DEBUG io.netty.util.NetUtil - -Djava.net.preferIPv4Stack: false
15:22:16.383 [Forwarding newSession on session null to remote] DEBUG io.netty.util.NetUtil - -Djava.net.preferIPv6Addresses: false
15:22:16.506 [Forwarding newSession on session null to remote] DEBUG io.netty.util.NetUtilInitializations - Loopback interface: lo (Software Loopback Interface 1, 127.0.0.1)
15:22:16.506 [Forwarding newSession on session null to remote] DEBUG io.netty.util.NetUtil - Failed to get SOMAXCONN from sysctl and file \proc\sys\net\core\somaxconn. Default: 200
15:22:16.631 [Forwarding newSession on session null to remote] DEBUG io.netty.channel.DefaultChannelId - -Dio.netty.machineId: 78:2b:46:ff:fe:49:0d:9f (auto-detected)
15:22:16.677 [AsyncHttpClient-1-2] DEBUG io.netty.buffer.AbstractByteBuf - -Dio.netty.buffer.checkAccessible: true
15:22:16.677 [AsyncHttpClient-1-2] DEBUG io.netty.buffer.AbstractByteBuf - -Dio.netty.buffer.checkBounds: true
15:22:16.677 [AsyncHttpClient-1-2] DEBUG io.netty.util.ResourceLeakDetectorFactory - Loaded default ResourceLeakDetector: io.netty.util.ResourceLeakDetector@56542f28
15:22:16.688 [AsyncHttpClient-1-2] DEBUG org.asynchttpclient.netty.channel.NettyConnectListener - Using new Channel '[id: 0xebe216c7, L:/127.0.0.1:62249 - R:localhost/127.0.0.1:49265]' for 'POST' to '/session'
15:22:16.703 [AsyncHttpClient-1-2] DEBUG io.netty.util.Recycler - -Dio.netty.recycler.maxCapacityPerThread: 4096
15:22:16.704 [AsyncHttpClient-1-2] DEBUG io.netty.util.Recycler - -Dio.netty.recycler.ratio: 8
15:22:16.704 [AsyncHttpClient-1-2] DEBUG io.netty.util.Recycler - -Dio.netty.recycler.chunkSize: 32
15:22:16.704 [AsyncHttpClient-1-2] DEBUG io.netty.util.Recycler - -Dio.netty.recycler.blocking: false
15:22:18.091 [AsyncHttpClient-1-2] DEBUG io.netty.handler.codec.compression.Brotli - brotli4j not in the classpath; Brotli support will be unavailable.
15:22:18.091 [AsyncHttpClient-1-2] DEBUG org.asynchttpclient.netty.handler.HttpHandler - 

Request DefaultHttpRequest(decodeResult: success, version: HTTP/1.1)
POST /session HTTP/1.1
User-Agent: selenium/4.1.2 (java windows)
Content-Length: 616
Content-Type: application/json; charset=utf-8
host: localhost:49265
accept: */*

Response DefaultHttpResponse(decodeResult: success, version: HTTP/1.1)
HTTP/1.1 200 OK
Content-Type: application/json; charset=utf-8
cache-control: no-cache
content-length: 793

15:22:18.106 [AsyncHttpClient-1-2] DEBUG org.asynchttpclient.netty.channel.ChannelManager - Adding key: http://localhost:49265 for channel [id: 0xebe216c7, L:/127.0.0.1:62249 - R:localhost/127.0.0.1:49265]
15:22:18.209 [AsyncHttpClient-1-3] DEBUG org.asynchttpclient.netty.channel.NettyConnectListener - Using new Channel '[id: 0x96a36a9a, L:/127.0.0.1:62257 - R:localhost/127.0.0.1:62250]' for 'GET' to '/json/version'
15:22:18.232 [AsyncHttpClient-1-3] DEBUG org.asynchttpclient.netty.handler.HttpHandler - 

Request DefaultFullHttpRequest(decodeResult: success, version: HTTP/1.1, content: EmptyByteBufBE)
GET /json/version HTTP/1.1
User-Agent: selenium/4.1.2 (java windows)
host: localhost:62250
accept: */*

Response DefaultHttpResponse(decodeResult: success, version: HTTP/1.1)
HTTP/1.1 200 OK
Content-Type: application/json; charset=UTF-8
content-length: 424

15:22:18.232 [AsyncHttpClient-1-3] DEBUG org.asynchttpclient.netty.channel.ChannelManager - Adding key: http://localhost:62250 for channel [id: 0x96a36a9a, L:/127.0.0.1:62257 - R:localhost/127.0.0.1:62250]
15:22:18.242 [main] DEBUG io.netty.util.internal.ThreadLocalRandom - -Dio.netty.initialSeedUniquifier: 0x4af1f7e1eee56858
15:22:18.251 [AsyncHttpClient-1-4] DEBUG org.asynchttpclient.netty.channel.NettyConnectListener - Using new Channel '[id: 0x11bc514e, L:/127.0.0.1:62258 - R:localhost/127.0.0.1:62250]' for 'GET' to '/devtools/browser/d4ec6e1e-428a-465e-8ebb-af92fb11c477'
15:22:18.271 [AsyncHttpClient-1-4] DEBUG org.asynchttpclient.netty.handler.WebSocketHandler - 

Request DefaultFullHttpRequest(decodeResult: success, version: HTTP/1.1, content: EmptyByteBufBE)
GET /devtools/browser/d4ec6e1e-428a-465e-8ebb-af92fb11c477 HTTP/1.1
upgrade: websocket
connection: upgrade
sec-websocket-key: msZRUgKBKcpg9vVxMllm1Q==
sec-websocket-version: 13
origin: http://localhost:62250
host: localhost:62250
accept: */*
user-agent: AHC/2.1

Response DefaultHttpResponse(decodeResult: success, version: HTTP/1.1)
HTTP/1.1 101 WebSocket Protocol Handshake
Upgrade: WebSocket
Connection: Upgrade
Sec-WebSocket-Accept: 0UgdV74DKelBNbEf3mh4bBhOKYY=

15:22:18.825 [AsyncHttpClient-1-1] DEBUG org.asynchttpclient.netty.channel.DefaultChannelPool - Entry count for : http://localhost:49265 : 1
15:22:18.825 [AsyncHttpClient-1-1] DEBUG org.asynchttpclient.netty.channel.DefaultChannelPool - Entry count for : http://localhost:62250 : 1
15:22:19.007 [main] DEBUG net.thucydides.core.reflection.ClassFinder - Could not load class .CucumberTestSuite
15:22:19.007 [main] DEBUG net.thucydides.core.reflection.ClassFinder - Could not load class .starter.pages.ManageVaccinationBookingsPage
15:22:19.007 [main] DEBUG net.thucydides.core.reflection.ClassFinder - Could not load class .starter.pages.VaccineNamesPage
15:22:19.007 [main] DEBUG net.thucydides.core.reflection.ClassFinder - Could not load class .starter.stepdefinitions.ManageVaccinationBookingsSteps
15:22:19.007 [main] DEBUG net.thucydides.core.reflection.ClassFinder - Could not load class .starter.stepdefinitions.VaccineNamesSteps
15:22:19.008 [main] DEBUG net.thucydides.core.reflection.ClassFinder - Could not load class META-INF.versions.9.com.sun.istack.logging.StackHelper
15:22:19.008 [main] DEBUG net.thucydides.core.reflection.ClassFinder - Could not load class META-INF.versions.9.com.sun.xml.bind.v2.runtime.reflect.opt.AccessorInjector
15:22:19.008 [main] DEBUG net.thucydides.core.reflection.ClassFinder - Could not load class META-INF.versions.9.com.sun.xml.bind.v2.runtime.reflect.opt.Injector
15:22:19.009 [main] DEBUG net.thucydides.core.reflection.ClassFinder - Could not load class META-INF.versions.9.com.sun.xml.bind.v2.runtime.reflect.opt.OptimizedAccessorFactory
15:22:19.009 [main] DEBUG net.thucydides.core.reflection.ClassFinder - Could not load class META-INF.versions.9.com.sun.xml.bind.v2.runtime.reflect.opt.OptimizedTransducedAccessorFactory
15:22:19.009 [main] DEBUG net.thucydides.core.reflection.ClassFinder - Could not load class META-INF.versions.9.io.opentelemetry.sdk.internal.CurrentJavaVersionSpecific
15:22:19.009 [main] DEBUG net.thucydides.core.reflection.ClassFinder - Could not load class META-INF.versions.9.io.opentelemetry.sdk.internal.Java9VersionSpecific
15:22:19.010 [main] DEBUG net.thucydides.core.reflection.ClassFinder - Could not load class META-INF.versions.9.javax.xml.bind.ModuleUtil
15:22:19.010 [main] DEBUG net.thucydides.core.reflection.ClassFinder - Could not load class META-INF.versions.9.module-info
15:22:19.010 [main] DEBUG net.thucydides.core.reflection.ClassFinder - Could not load class META-INF.versions.9.org.junit.platform.commons.util.ModuleUtils
15:22:19.013 [main] DEBUG net.thucydides.core.reflection.ClassFinder - Could not load class com.google.gson.internal.
15:22:19.014 [main] DEBUG net.thucydides.core.reflection.ClassFinder - Could not load class com.sun.xml.bind.v2.runtime.output.FastInfosetStreamWriterOutput
15:22:19.015 [main] DEBUG net.thucydides.core.reflection.ClassFinder - Could not load class module-info
15:22:19.042 [Forwarding get on session a584e9040e1b288f6280fb32f00d13d1 to remote] DEBUG org.asynchttpclient.netty.request.NettyRequestSender - Using pooled Channel '[id: 0xebe216c7, L:/127.0.0.1:62249 - R:localhost/127.0.0.1:49265]' for 'POST' to 'http://localhost:49265/session/a584e9040e1b288f6280fb32f00d13d1/url'
15:22:19.042 [Forwarding get on session a584e9040e1b288f6280fb32f00d13d1 to remote] DEBUG org.asynchttpclient.netty.request.NettyRequestSender - Using open Channel [id: 0xebe216c7, L:/127.0.0.1:62249 - R:localhost/127.0.0.1:49265] for POST '/session/a584e9040e1b288f6280fb32f00d13d1/url'
15:22:19.753 [AsyncHttpClient-1-2] DEBUG org.asynchttpclient.netty.handler.HttpHandler - 

Request DefaultHttpRequest(decodeResult: success, version: HTTP/1.1)
POST /session/a584e9040e1b288f6280fb32f00d13d1/url HTTP/1.1
User-Agent: selenium/4.1.2 (java windows)
Content-Length: 60
Content-Type: application/json; charset=utf-8
host: localhost:49265
accept: */*

Response DefaultHttpResponse(decodeResult: success, version: HTTP/1.1)
HTTP/1.1 200 OK
Content-Type: application/json; charset=utf-8
cache-control: no-cache
content-length: 14

15:22:19.754 [AsyncHttpClient-1-2] DEBUG org.asynchttpclient.netty.channel.ChannelManager - Adding key: http://localhost:49265 for channel [id: 0xebe216c7, L:/127.0.0.1:62249 - R:localhost/127.0.0.1:49265]
15:22:19.767 [Forwarding setTimeout on session a584e9040e1b288f6280fb32f00d13d1 to remote] DEBUG org.asynchttpclient.netty.request.NettyRequestSender - Using pooled Channel '[id: 0xebe216c7, L:/127.0.0.1:62249 - R:localhost/127.0.0.1:49265]' for 'POST' to 'http://localhost:49265/session/a584e9040e1b288f6280fb32f00d13d1/timeouts'
15:22:19.767 [Forwarding setTimeout on session a584e9040e1b288f6280fb32f00d13d1 to remote] DEBUG org.asynchttpclient.netty.request.NettyRequestSender - Using open Channel [id: 0xebe216c7, L:/127.0.0.1:62249 - R:localhost/127.0.0.1:49265] for POST '/session/a584e9040e1b288f6280fb32f00d13d1/timeouts'
15:22:19.771 [AsyncHttpClient-1-2] DEBUG org.asynchttpclient.netty.handler.HttpHandler - 

Request DefaultHttpRequest(decodeResult: success, version: HTTP/1.1)
POST /session/a584e9040e1b288f6280fb32f00d13d1/timeouts HTTP/1.1
User-Agent: selenium/4.1.2 (java windows)
Content-Length: 22
Content-Type: application/json; charset=utf-8
host: localhost:49265
accept: */*

Response DefaultHttpResponse(decodeResult: success, version: HTTP/1.1)
HTTP/1.1 200 OK
Content-Type: application/json; charset=utf-8
cache-control: no-cache
content-length: 14

15:22:19.771 [AsyncHttpClient-1-2] DEBUG org.asynchttpclient.netty.channel.ChannelManager - Adding key: http://localhost:49265 for channel [id: 0xebe216c7, L:/127.0.0.1:62249 - R:localhost/127.0.0.1:49265]
15:22:19.780 [Forwarding getCurrentUrl on session a584e9040e1b288f6280fb32f00d13d1 to remote] DEBUG org.asynchttpclient.netty.request.NettyRequestSender - Using pooled Channel '[id: 0xebe216c7, L:/127.0.0.1:62249 - R:localhost/127.0.0.1:49265]' for 'GET' to 'http://localhost:49265/session/a584e9040e1b288f6280fb32f00d13d1/url'
15:22:19.780 [Forwarding getCurrentUrl on session a584e9040e1b288f6280fb32f00d13d1 to remote] DEBUG org.asynchttpclient.netty.request.NettyRequestSender - Using open Channel [id: 0xebe216c7, L:/127.0.0.1:62249 - R:localhost/127.0.0.1:49265] for GET '/session/a584e9040e1b288f6280fb32f00d13d1/url'
15:22:19.791 [AsyncHttpClient-1-2] DEBUG org.asynchttpclient.netty.handler.HttpHandler - 

Request DefaultFullHttpRequest(decodeResult: success, version: HTTP/1.1, content: EmptyByteBufBE)
GET /session/a584e9040e1b288f6280fb32f00d13d1/url HTTP/1.1
User-Agent: selenium/4.1.2 (java windows)
Cache-Control: no-cache
Content-Type: application/json; charset=utf-8
host: localhost:49265
accept: */*

Response DefaultHttpResponse(decodeResult: success, version: HTTP/1.1)
HTTP/1.1 200 OK
Content-Type: application/json; charset=utf-8
cache-control: no-cache
content-length: 42

15:22:19.791 [AsyncHttpClient-1-2] DEBUG org.asynchttpclient.netty.channel.ChannelManager - Adding key: http://localhost:49265 for channel [id: 0xebe216c7, L:/127.0.0.1:62249 - R:localhost/127.0.0.1:49265]
  &amp#27;[32mGiven &amp#27;[0m&amp#27;[32mI am on landing page&amp#27;[0m            &amp#27;[90m# starter.stepdefinitions.ManageVaccinationBookingsSteps.iAmOnLandingPage()&amp#27;[0m
15:22:19.819 [main] DEBUG net.serenitybdd.core.photography.Darkroom - Opening darkroom
15:22:19.820 [Darkroom Processing Line] DEBUG net.serenitybdd.core.photography.DarkroomProcessingLine - Darkroom processing line starting up
15:22:19.821 [Forwarding screenshot on session a584e9040e1b288f6280fb32f00d13d1 to remote] DEBUG org.asynchttpclient.netty.request.NettyRequestSender - Using pooled Channel '[id: 0xebe216c7, L:/127.0.0.1:62249 - R:localhost/127.0.0.1:49265]' for 'GET' to 'http://localhost:49265/session/a584e9040e1b288f6280fb32f00d13d1/screenshot'
15:22:19.822 [Forwarding screenshot on session a584e9040e1b288f6280fb32f00d13d1 to remote] DEBUG org.asynchttpclient.netty.request.NettyRequestSender - Using open Channel [id: 0xebe216c7, L:/127.0.0.1:62249 - R:localhost/127.0.0.1:49265] for GET '/session/a584e9040e1b288f6280fb32f00d13d1/screenshot'
15:22:19.925 [AsyncHttpClient-1-1] DEBUG org.asynchttpclient.netty.channel.DefaultChannelPool - Entry count for : http://localhost:62250 : 1
15:22:20.513 [AsyncHttpClient-1-2] DEBUG org.asynchttpclient.netty.handler.HttpHandler - 

Request DefaultFullHttpRequest(decodeResult: success, version: HTTP/1.1, content: EmptyByteBufBE)
GET /session/a584e9040e1b288f6280fb32f00d13d1/screenshot HTTP/1.1
User-Agent: selenium/4.1.2 (java windows)
Cache-Control: no-cache
Content-Type: application/json; charset=utf-8
host: localhost:49265
accept: */*

Response DefaultHttpResponse(decodeResult: success, version: HTTP/1.1)
HTTP/1.1 200 OK
Content-Type: application/json; charset=utf-8
cache-control: no-cache
content-length: 847132

15:22:20.530 [AsyncHttpClient-1-2] DEBUG org.asynchttpclient.netty.channel.ChannelManager - Adding key: http://localhost:49265 for channel [id: 0xebe216c7, L:/127.0.0.1:62249 - R:localhost/127.0.0.1:49265]
15:22:20.649 [main] DEBUG net.serenitybdd.core.photography.Darkroom - Send negative for processing for target\site\serenity\ff3b83dd42f508d91c0c8488aed412149de34b436c7528a8caa8428592644731.png
15:22:20.651 [Darkroom Processing Line] DEBUG net.serenitybdd.core.photography.DarkroomProcessingLine - Processing screenshot image in /var/screenshots/screenshot-3530398475799614944
15:22:20.651 [Darkroom Processing Line] DEBUG net.serenitybdd.core.photography.DarkroomProcessingLine - Saving screenshot to target\site\serenity\ff3b83dd42f508d91c0c8488aed412149de34b436c7528a8caa8428592644731.png
15:22:20.676 [Forwarding findElement on session a584e9040e1b288f6280fb32f00d13d1 to remote] DEBUG org.asynchttpclient.netty.request.NettyRequestSender - Using pooled Channel '[id: 0xebe216c7, L:/127.0.0.1:62249 - R:localhost/127.0.0.1:49265]' for 'POST' to 'http://localhost:49265/session/a584e9040e1b288f6280fb32f00d13d1/element'
15:22:20.676 [Forwarding findElement on session a584e9040e1b288f6280fb32f00d13d1 to remote] DEBUG org.asynchttpclient.netty.request.NettyRequestSender - Using open Channel [id: 0xebe216c7, L:/127.0.0.1:62249 - R:localhost/127.0.0.1:49265] for POST '/session/a584e9040e1b288f6280fb32f00d13d1/element'
15:22:20.695 [AsyncHttpClient-1-2] DEBUG org.asynchttpclient.netty.handler.HttpHandler - 

Request DefaultHttpRequest(decodeResult: success, version: HTTP/1.1)
POST /session/a584e9040e1b288f6280fb32f00d13d1/element HTTP/1.1
User-Agent: selenium/4.1.2 (java windows)
Content-Length: 315
Content-Type: application/json; charset=utf-8
host: localhost:49265
accept: */*

Response DefaultHttpResponse(decodeResult: success, version: HTTP/1.1)
HTTP/1.1 200 OK
Content-Type: application/json; charset=utf-8
cache-control: no-cache
content-length: 88

15:22:20.696 [AsyncHttpClient-1-2] DEBUG org.asynchttpclient.netty.channel.ChannelManager - Adding key: http://localhost:49265 for channel [id: 0xebe216c7, L:/127.0.0.1:62249 - R:localhost/127.0.0.1:49265]
15:22:20.699 [Forwarding getElementTagName on session a584e9040e1b288f6280fb32f00d13d1 to remote] DEBUG org.asynchttpclient.netty.request.NettyRequestSender - Using pooled Channel '[id: 0xebe216c7, L:/127.0.0.1:62249 - R:localhost/127.0.0.1:49265]' for 'GET' to 'http://localhost:49265/session/a584e9040e1b288f6280fb32f00d13d1/element/00c92789-014d-43d0-ad90-aa5e2661d64c/name'
15:22:20.700 [Forwarding getElementTagName on session a584e9040e1b288f6280fb32f00d13d1 to remote] DEBUG org.asynchttpclient.netty.request.NettyRequestSender - Using open Channel [id: 0xebe216c7, L:/127.0.0.1:62249 - R:localhost/127.0.0.1:49265] for GET '/session/a584e9040e1b288f6280fb32f00d13d1/element/00c92789-014d-43d0-ad90-aa5e2661d64c/name'
15:22:20.704 [AsyncHttpClient-1-2] DEBUG org.asynchttpclient.netty.handler.HttpHandler - 

Request DefaultFullHttpRequest(decodeResult: success, version: HTTP/1.1, content: EmptyByteBufBE)
GET /session/a584e9040e1b288f6280fb32f00d13d1/element/00c92789-014d-43d0-ad90-aa5e2661d64c/name HTTP/1.1
User-Agent: selenium/4.1.2 (java windows)
Cache-Control: no-cache
Content-Type: application/json; charset=utf-8
host: localhost:49265
accept: */*

Response DefaultHttpResponse(decodeResult: success, version: HTTP/1.1)
HTTP/1.1 200 OK
Content-Type: application/json; charset=utf-8
cache-control: no-cache
content-length: 18

15:22:20.705 [AsyncHttpClient-1-2] DEBUG org.asynchttpclient.netty.channel.ChannelManager - Adding key: http://localhost:49265 for channel [id: 0xebe216c7, L:/127.0.0.1:62249 - R:localhost/127.0.0.1:49265]
15:22:20.708 [Forwarding getElementTagName on session a584e9040e1b288f6280fb32f00d13d1 to remote] DEBUG org.asynchttpclient.netty.request.NettyRequestSender - Using pooled Channel '[id: 0xebe216c7, L:/127.0.0.1:62249 - R:localhost/127.0.0.1:49265]' for 'GET' to 'http://localhost:49265/session/a584e9040e1b288f6280fb32f00d13d1/element/00c92789-014d-43d0-ad90-aa5e2661d64c/name'
15:22:20.708 [Forwarding getElementTagName on session a584e9040e1b288f6280fb32f00d13d1 to remote] DEBUG org.asynchttpclient.netty.request.NettyRequestSender - Using open Channel [id: 0xebe216c7, L:/127.0.0.1:62249 - R:localhost/127.0.0.1:49265] for GET '/session/a584e9040e1b288f6280fb32f00d13d1/element/00c92789-014d-43d0-ad90-aa5e2661d64c/name'
15:22:20.711 [AsyncHttpClient-1-2] DEBUG org.asynchttpclient.netty.handler.HttpHandler - 

Request DefaultFullHttpRequest(decodeResult: success, version: HTTP/1.1, content: EmptyByteBufBE)
GET /session/a584e9040e1b288f6280fb32f00d13d1/element/00c92789-014d-43d0-ad90-aa5e2661d64c/name HTTP/1.1
User-Agent: selenium/4.1.2 (java windows)
Cache-Control: no-cache
Content-Type: application/json; charset=utf-8
host: localhost:49265
accept: */*

Response DefaultHttpResponse(decodeResult: success, version: HTTP/1.1)
HTTP/1.1 200 OK
Content-Type: application/json; charset=utf-8
cache-control: no-cache
content-length: 18

15:22:20.711 [AsyncHttpClient-1-2] DEBUG org.asynchttpclient.netty.channel.ChannelManager - Adding key: http://localhost:49265 for channel [id: 0xebe216c7, L:/127.0.0.1:62249 - R:localhost/127.0.0.1:49265]
15:22:20.717 [Forwarding isElementEnabled on session a584e9040e1b288f6280fb32f00d13d1 to remote] DEBUG org.asynchttpclient.netty.request.NettyRequestSender - Using pooled Channel '[id: 0xebe216c7, L:/127.0.0.1:62249 - R:localhost/127.0.0.1:49265]' for 'GET' to 'http://localhost:49265/session/a584e9040e1b288f6280fb32f00d13d1/element/00c92789-014d-43d0-ad90-aa5e2661d64c/enabled'
15:22:20.717 [Forwarding isElementEnabled on session a584e9040e1b288f6280fb32f00d13d1 to remote] DEBUG org.asynchttpclient.netty.request.NettyRequestSender - Using open Channel [id: 0xebe216c7, L:/127.0.0.1:62249 - R:localhost/127.0.0.1:49265] for GET '/session/a584e9040e1b288f6280fb32f00d13d1/element/00c92789-014d-43d0-ad90-aa5e2661d64c/enabled'
15:22:20.728 [AsyncHttpClient-1-2] DEBUG org.asynchttpclient.netty.handler.HttpHandler - 

Request DefaultFullHttpRequest(decodeResult: success, version: HTTP/1.1, content: EmptyByteBufBE)
GET /session/a584e9040e1b288f6280fb32f00d13d1/element/00c92789-014d-43d0-ad90-aa5e2661d64c/enabled HTTP/1.1
User-Agent: selenium/4.1.2 (java windows)
Cache-Control: no-cache
Content-Type: application/json; charset=utf-8
host: localhost:49265
accept: */*

Response DefaultHttpResponse(decodeResult: success, version: HTTP/1.1)
HTTP/1.1 200 OK
Content-Type: application/json; charset=utf-8
cache-control: no-cache
content-length: 14

15:22:20.729 [AsyncHttpClient-1-2] DEBUG org.asynchttpclient.netty.channel.ChannelManager - Adding key: http://localhost:49265 for channel [id: 0xebe216c7, L:/127.0.0.1:62249 - R:localhost/127.0.0.1:49265]
15:22:20.730 [Forwarding isElementEnabled on session a584e9040e1b288f6280fb32f00d13d1 to remote] DEBUG org.asynchttpclient.netty.request.NettyRequestSender - Using pooled Channel '[id: 0xebe216c7, L:/127.0.0.1:62249 - R:localhost/127.0.0.1:49265]' for 'GET' to 'http://localhost:49265/session/a584e9040e1b288f6280fb32f00d13d1/element/00c92789-014d-43d0-ad90-aa5e2661d64c/enabled'
15:22:20.731 [Forwarding isElementEnabled on session a584e9040e1b288f6280fb32f00d13d1 to remote] DEBUG org.asynchttpclient.netty.request.NettyRequestSender - Using open Channel [id: 0xebe216c7, L:/127.0.0.1:62249 - R:localhost/127.0.0.1:49265] for GET '/session/a584e9040e1b288f6280fb32f00d13d1/element/00c92789-014d-43d0-ad90-aa5e2661d64c/enabled'
15:22:20.736 [AsyncHttpClient-1-2] DEBUG org.asynchttpclient.netty.handler.HttpHandler - 

Request DefaultFullHttpRequest(decodeResult: success, version: HTTP/1.1, content: EmptyByteBufBE)
GET /session/a584e9040e1b288f6280fb32f00d13d1/element/00c92789-014d-43d0-ad90-aa5e2661d64c/enabled HTTP/1.1
User-Agent: selenium/4.1.2 (java windows)
Cache-Control: no-cache
Content-Type: application/json; charset=utf-8
host: localhost:49265
accept: */*

Response DefaultHttpResponse(decodeResult: success, version: HTTP/1.1)
HTTP/1.1 200 OK
Content-Type: application/json; charset=utf-8
cache-control: no-cache
content-length: 14

15:22:20.737 [AsyncHttpClient-1-2] DEBUG org.asynchttpclient.netty.channel.ChannelManager - Adding key: http://localhost:49265 for channel [id: 0xebe216c7, L:/127.0.0.1:62249 - R:localhost/127.0.0.1:49265]
15:22:20.740 [Forwarding findElement on session a584e9040e1b288f6280fb32f00d13d1 to remote] DEBUG org.asynchttpclient.netty.request.NettyRequestSender - Using pooled Channel '[id: 0xebe216c7, L:/127.0.0.1:62249 - R:localhost/127.0.0.1:49265]' for 'POST' to 'http://localhost:49265/session/a584e9040e1b288f6280fb32f00d13d1/element'
15:22:20.740 [Forwarding findElement on session a584e9040e1b288f6280fb32f00d13d1 to remote] DEBUG org.asynchttpclient.netty.request.NettyRequestSender - Using open Channel [id: 0xebe216c7, L:/127.0.0.1:62249 - R:localhost/127.0.0.1:49265] for POST '/session/a584e9040e1b288f6280fb32f00d13d1/element'
15:22:20.746 [AsyncHttpClient-1-2] DEBUG org.asynchttpclient.netty.handler.HttpHandler - 

Request DefaultHttpRequest(decodeResult: success, version: HTTP/1.1)
POST /session/a584e9040e1b288f6280fb32f00d13d1/element HTTP/1.1
User-Agent: selenium/4.1.2 (java windows)
Content-Length: 315
Content-Type: application/json; charset=utf-8
host: localhost:49265
accept: */*

Response DefaultHttpResponse(decodeResult: success, version: HTTP/1.1)
HTTP/1.1 200 OK
Content-Type: application/json; charset=utf-8
cache-control: no-cache
content-length: 88

15:22:20.746 [AsyncHttpClient-1-2] DEBUG org.asynchttpclient.netty.channel.ChannelManager - Adding key: http://localhost:49265 for channel [id: 0xebe216c7, L:/127.0.0.1:62249 - R:localhost/127.0.0.1:49265]
15:22:20.750 [Forwarding clickElement on session a584e9040e1b288f6280fb32f00d13d1 to remote] DEBUG org.asynchttpclient.netty.request.NettyRequestSender - Using pooled Channel '[id: 0xebe216c7, L:/127.0.0.1:62249 - R:localhost/127.0.0.1:49265]' for 'POST' to 'http://localhost:49265/session/a584e9040e1b288f6280fb32f00d13d1/element/00c92789-014d-43d0-ad90-aa5e2661d64c/click'
15:22:20.750 [Forwarding clickElement on session a584e9040e1b288f6280fb32f00d13d1 to remote] DEBUG org.asynchttpclient.netty.request.NettyRequestSender - Using open Channel [id: 0xebe216c7, L:/127.0.0.1:62249 - R:localhost/127.0.0.1:49265] for POST '/session/a584e9040e1b288f6280fb32f00d13d1/element/00c92789-014d-43d0-ad90-aa5e2661d64c/click'
15:22:20.828 [AsyncHttpClient-1-2] DEBUG org.asynchttpclient.netty.handler.HttpHandler - 

Request DefaultHttpRequest(decodeResult: success, version: HTTP/1.1)
POST /session/a584e9040e1b288f6280fb32f00d13d1/element/00c92789-014d-43d0-ad90-aa5e2661d64c/click HTTP/1.1
User-Agent: selenium/4.1.2 (java windows)
Content-Length: 50
Content-Type: application/json; charset=utf-8
host: localhost:49265
accept: */*

Response DefaultHttpResponse(decodeResult: success, version: HTTP/1.1)
HTTP/1.1 200 OK
Content-Type: application/json; charset=utf-8
cache-control: no-cache
content-length: 14

15:22:20.828 [AsyncHttpClient-1-2] DEBUG org.asynchttpclient.netty.channel.ChannelManager - Adding key: http://localhost:49265 for channel [id: 0xebe216c7, L:/127.0.0.1:62249 - R:localhost/127.0.0.1:49265]
15:22:20.836 [Forwarding findElement on session a584e9040e1b288f6280fb32f00d13d1 to remote] DEBUG org.asynchttpclient.netty.request.NettyRequestSender - Using pooled Channel '[id: 0xebe216c7, L:/127.0.0.1:62249 - R:localhost/127.0.0.1:49265]' for 'POST' to 'http://localhost:49265/session/a584e9040e1b288f6280fb32f00d13d1/element'
15:22:20.836 [Forwarding findElement on session a584e9040e1b288f6280fb32f00d13d1 to remote] DEBUG org.asynchttpclient.netty.request.NettyRequestSender - Using open Channel [id: 0xebe216c7, L:/127.0.0.1:62249 - R:localhost/127.0.0.1:49265] for POST '/session/a584e9040e1b288f6280fb32f00d13d1/element'
15:22:20.846 [AsyncHttpClient-1-2] DEBUG org.asynchttpclient.netty.handler.HttpHandler - 

Request DefaultHttpRequest(decodeResult: success, version: HTTP/1.1)
POST /session/a584e9040e1b288f6280fb32f00d13d1/element HTTP/1.1
User-Agent: selenium/4.1.2 (java windows)
Content-Length: 69
Content-Type: application/json; charset=utf-8
host: localhost:49265
accept: */*

Response DefaultHttpResponse(decodeResult: success, version: HTTP/1.1)
HTTP/1.1 200 OK
Content-Type: application/json; charset=utf-8
cache-control: no-cache
content-length: 88

15:22:20.846 [AsyncHttpClient-1-2] DEBUG org.asynchttpclient.netty.channel.ChannelManager - Adding key: http://localhost:49265 for channel [id: 0xebe216c7, L:/127.0.0.1:62249 - R:localhost/127.0.0.1:49265]
15:22:20.848 [Forwarding clearElement on session a584e9040e1b288f6280fb32f00d13d1 to remote] DEBUG org.asynchttpclient.netty.request.NettyRequestSender - Using pooled Channel '[id: 0xebe216c7, L:/127.0.0.1:62249 - R:localhost/127.0.0.1:49265]' for 'POST' to 'http://localhost:49265/session/a584e9040e1b288f6280fb32f00d13d1/element/53fc9f16-0216-4768-82ec-28571321aa03/clear'
15:22:20.849 [Forwarding clearElement on session a584e9040e1b288f6280fb32f00d13d1 to remote] DEBUG org.asynchttpclient.netty.request.NettyRequestSender - Using open Channel [id: 0xebe216c7, L:/127.0.0.1:62249 - R:localhost/127.0.0.1:49265] for POST '/session/a584e9040e1b288f6280fb32f00d13d1/element/53fc9f16-0216-4768-82ec-28571321aa03/clear'
15:22:20.891 [AsyncHttpClient-1-2] DEBUG org.asynchttpclient.netty.handler.HttpHandler - 

Request DefaultHttpRequest(decodeResult: success, version: HTTP/1.1)
POST /session/a584e9040e1b288f6280fb32f00d13d1/element/53fc9f16-0216-4768-82ec-28571321aa03/clear HTTP/1.1
User-Agent: selenium/4.1.2 (java windows)
Content-Length: 50
Content-Type: application/json; charset=utf-8
host: localhost:49265
accept: */*

Response DefaultHttpResponse(decodeResult: success, version: HTTP/1.1)
HTTP/1.1 200 OK
Content-Type: application/json; charset=utf-8
cache-control: no-cache
content-length: 14

15:22:20.892 [AsyncHttpClient-1-2] DEBUG org.asynchttpclient.netty.channel.ChannelManager - Adding key: http://localhost:49265 for channel [id: 0xebe216c7, L:/127.0.0.1:62249 - R:localhost/127.0.0.1:49265]
15:22:20.902 [Forwarding sendKeysToElement on session a584e9040e1b288f6280fb32f00d13d1 to remote] DEBUG org.asynchttpclient.netty.request.NettyRequestSender - Using pooled Channel '[id: 0xebe216c7, L:/127.0.0.1:62249 - R:localhost/127.0.0.1:49265]' for 'POST' to 'http://localhost:49265/session/a584e9040e1b288f6280fb32f00d13d1/element/53fc9f16-0216-4768-82ec-28571321aa03/value'
15:22:20.902 [Forwarding sendKeysToElement on session a584e9040e1b288f6280fb32f00d13d1 to remote] DEBUG org.asynchttpclient.netty.request.NettyRequestSender - Using open Channel [id: 0xebe216c7, L:/127.0.0.1:62249 - R:localhost/127.0.0.1:49265] for POST '/session/a584e9040e1b288f6280fb32f00d13d1/element/53fc9f16-0216-4768-82ec-28571321aa03/value'
15:22:21.024 [AsyncHttpClient-1-1] DEBUG org.asynchttpclient.netty.channel.DefaultChannelPool - Entry count for : http://localhost:62250 : 1
15:22:21.071 [AsyncHttpClient-1-2] DEBUG org.asynchttpclient.netty.handler.HttpHandler - 

Request DefaultHttpRequest(decodeResult: success, version: HTTP/1.1)
POST /session/a584e9040e1b288f6280fb32f00d13d1/element/53fc9f16-0216-4768-82ec-28571321aa03/value HTTP/1.1
User-Agent: selenium/4.1.2 (java windows)
Content-Length: 371
Content-Type: application/json; charset=utf-8
host: localhost:49265
accept: */*

Response DefaultHttpResponse(decodeResult: success, version: HTTP/1.1)
HTTP/1.1 200 OK
Content-Type: application/json; charset=utf-8
cache-control: no-cache
content-length: 14

15:22:21.072 [AsyncHttpClient-1-2] DEBUG org.asynchttpclient.netty.channel.ChannelManager - Adding key: http://localhost:49265 for channel [id: 0xebe216c7, L:/127.0.0.1:62249 - R:localhost/127.0.0.1:49265]
15:22:21.078 [Forwarding findElement on session a584e9040e1b288f6280fb32f00d13d1 to remote] DEBUG org.asynchttpclient.netty.request.NettyRequestSender - Using pooled Channel '[id: 0xebe216c7, L:/127.0.0.1:62249 - R:localhost/127.0.0.1:49265]' for 'POST' to 'http://localhost:49265/session/a584e9040e1b288f6280fb32f00d13d1/element'
15:22:21.078 [Forwarding findElement on session a584e9040e1b288f6280fb32f00d13d1 to remote] DEBUG org.asynchttpclient.netty.request.NettyRequestSender - Using open Channel [id: 0xebe216c7, L:/127.0.0.1:62249 - R:localhost/127.0.0.1:49265] for POST '/session/a584e9040e1b288f6280fb32f00d13d1/element'
15:22:21.091 [AsyncHttpClient-1-2] DEBUG org.asynchttpclient.netty.handler.HttpHandler - 

Request DefaultHttpRequest(decodeResult: success, version: HTTP/1.1)
POST /session/a584e9040e1b288f6280fb32f00d13d1/element HTTP/1.1
User-Agent: selenium/4.1.2 (java windows)
Content-Length: 72
Content-Type: application/json; charset=utf-8
host: localhost:49265
accept: */*

Response DefaultHttpResponse(decodeResult: success, version: HTTP/1.1)
HTTP/1.1 200 OK
Content-Type: application/json; charset=utf-8
cache-control: no-cache
content-length: 88

15:22:21.091 [AsyncHttpClient-1-2] DEBUG org.asynchttpclient.netty.channel.ChannelManager - Adding key: http://localhost:49265 for channel [id: 0xebe216c7, L:/127.0.0.1:62249 - R:localhost/127.0.0.1:49265]
15:22:21.092 [Forwarding clearElement on session a584e9040e1b288f6280fb32f00d13d1 to remote] DEBUG org.asynchttpclient.netty.request.NettyRequestSender - Using pooled Channel '[id: 0xebe216c7, L:/127.0.0.1:62249 - R:localhost/127.0.0.1:49265]' for 'POST' to 'http://localhost:49265/session/a584e9040e1b288f6280fb32f00d13d1/element/88e88607-3e44-4ae0-8982-d508a2ce2dc3/clear'
15:22:21.093 [Forwarding clearElement on session a584e9040e1b288f6280fb32f00d13d1 to remote] DEBUG org.asynchttpclient.netty.request.NettyRequestSender - Using open Channel [id: 0xebe216c7, L:/127.0.0.1:62249 - R:localhost/127.0.0.1:49265] for POST '/session/a584e9040e1b288f6280fb32f00d13d1/element/88e88607-3e44-4ae0-8982-d508a2ce2dc3/clear'
15:22:21.119 [AsyncHttpClient-1-2] DEBUG org.asynchttpclient.netty.handler.HttpHandler - 

Request DefaultHttpRequest(decodeResult: success, version: HTTP/1.1)
POST /session/a584e9040e1b288f6280fb32f00d13d1/element/88e88607-3e44-4ae0-8982-d508a2ce2dc3/clear HTTP/1.1
User-Agent: selenium/4.1.2 (java windows)
Content-Length: 50
Content-Type: application/json; charset=utf-8
host: localhost:49265
accept: */*

Response DefaultHttpResponse(decodeResult: success, version: HTTP/1.1)
HTTP/1.1 200 OK
Content-Type: application/json; charset=utf-8
cache-control: no-cache
content-length: 14

15:22:21.119 [AsyncHttpClient-1-2] DEBUG org.asynchttpclient.netty.channel.ChannelManager - Adding key: http://localhost:49265 for channel [id: 0xebe216c7, L:/127.0.0.1:62249 - R:localhost/127.0.0.1:49265]
15:22:21.121 [Forwarding sendKeysToElement on session a584e9040e1b288f6280fb32f00d13d1 to remote] DEBUG org.asynchttpclient.netty.request.NettyRequestSender - Using pooled Channel '[id: 0xebe216c7, L:/127.0.0.1:62249 - R:localhost/127.0.0.1:49265]' for 'POST' to 'http://localhost:49265/session/a584e9040e1b288f6280fb32f00d13d1/element/88e88607-3e44-4ae0-8982-d508a2ce2dc3/value'
15:22:21.121 [Forwarding sendKeysToElement on session a584e9040e1b288f6280fb32f00d13d1 to remote] DEBUG org.asynchttpclient.netty.request.NettyRequestSender - Using open Channel [id: 0xebe216c7, L:/127.0.0.1:62249 - R:localhost/127.0.0.1:49265] for POST '/session/a584e9040e1b288f6280fb32f00d13d1/element/88e88607-3e44-4ae0-8982-d508a2ce2dc3/value'
15:22:21.225 [AsyncHttpClient-1-2] DEBUG org.asynchttpclient.netty.handler.HttpHandler - 

Request DefaultHttpRequest(decodeResult: success, version: HTTP/1.1)
POST /session/a584e9040e1b288f6280fb32f00d13d1/element/88e88607-3e44-4ae0-8982-d508a2ce2dc3/value HTTP/1.1
User-Agent: selenium/4.1.2 (java windows)
Content-Length: 251
Content-Type: application/json; charset=utf-8
host: localhost:49265
accept: */*

Response DefaultHttpResponse(decodeResult: success, version: HTTP/1.1)
HTTP/1.1 200 OK
Content-Type: application/json; charset=utf-8
cache-control: no-cache
content-length: 14

15:22:21.226 [AsyncHttpClient-1-2] DEBUG org.asynchttpclient.netty.channel.ChannelManager - Adding key: http://localhost:49265 for channel [id: 0xebe216c7, L:/127.0.0.1:62249 - R:localhost/127.0.0.1:49265]
15:22:21.236 [Forwarding findElement on session a584e9040e1b288f6280fb32f00d13d1 to remote] DEBUG org.asynchttpclient.netty.request.NettyRequestSender - Using pooled Channel '[id: 0xebe216c7, L:/127.0.0.1:62249 - R:localhost/127.0.0.1:49265]' for 'POST' to 'http://localhost:49265/session/a584e9040e1b288f6280fb32f00d13d1/element'
15:22:21.236 [Forwarding findElement on session a584e9040e1b288f6280fb32f00d13d1 to remote] DEBUG org.asynchttpclient.netty.request.NettyRequestSender - Using open Channel [id: 0xebe216c7, L:/127.0.0.1:62249 - R:localhost/127.0.0.1:49265] for POST '/session/a584e9040e1b288f6280fb32f00d13d1/element'
15:22:21.252 [AsyncHttpClient-1-2] DEBUG org.asynchttpclient.netty.handler.HttpHandler - 

Request DefaultHttpRequest(decodeResult: success, version: HTTP/1.1)
POST /session/a584e9040e1b288f6280fb32f00d13d1/element HTTP/1.1
User-Agent: selenium/4.1.2 (java windows)
Content-Length: 321
Content-Type: application/json; charset=utf-8
host: localhost:49265
accept: */*

Response DefaultHttpResponse(decodeResult: success, version: HTTP/1.1)
HTTP/1.1 200 OK
Content-Type: application/json; charset=utf-8
cache-control: no-cache
content-length: 88

15:22:21.252 [AsyncHttpClient-1-2] DEBUG org.asynchttpclient.netty.channel.ChannelManager - Adding key: http://localhost:49265 for channel [id: 0xebe216c7, L:/127.0.0.1:62249 - R:localhost/127.0.0.1:49265]
15:22:21.257 [Forwarding getElementTagName on session a584e9040e1b288f6280fb32f00d13d1 to remote] DEBUG org.asynchttpclient.netty.request.NettyRequestSender - Using pooled Channel '[id: 0xebe216c7, L:/127.0.0.1:62249 - R:localhost/127.0.0.1:49265]' for 'GET' to 'http://localhost:49265/session/a584e9040e1b288f6280fb32f00d13d1/element/332b16a7-f4aa-46f6-b55e-49f5af22781b/name'
15:22:21.257 [Forwarding getElementTagName on session a584e9040e1b288f6280fb32f00d13d1 to remote] DEBUG org.asynchttpclient.netty.request.NettyRequestSender - Using open Channel [id: 0xebe216c7, L:/127.0.0.1:62249 - R:localhost/127.0.0.1:49265] for GET '/session/a584e9040e1b288f6280fb32f00d13d1/element/332b16a7-f4aa-46f6-b55e-49f5af22781b/name'
15:22:21.261 [AsyncHttpClient-1-2] DEBUG org.asynchttpclient.netty.handler.HttpHandler - 

Request DefaultFullHttpRequest(decodeResult: success, version: HTTP/1.1, content: EmptyByteBufBE)
GET /session/a584e9040e1b288f6280fb32f00d13d1/element/332b16a7-f4aa-46f6-b55e-49f5af22781b/name HTTP/1.1
User-Agent: selenium/4.1.2 (java windows)
Cache-Control: no-cache
Content-Type: application/json; charset=utf-8
host: localhost:49265
accept: */*

Response DefaultHttpResponse(decodeResult: success, version: HTTP/1.1)
HTTP/1.1 200 OK
Content-Type: application/json; charset=utf-8
cache-control: no-cache
content-length: 18

15:22:21.262 [AsyncHttpClient-1-2] DEBUG org.asynchttpclient.netty.channel.ChannelManager - Adding key: http://localhost:49265 for channel [id: 0xebe216c7, L:/127.0.0.1:62249 - R:localhost/127.0.0.1:49265]
15:22:21.265 [Forwarding getElementTagName on session a584e9040e1b288f6280fb32f00d13d1 to remote] DEBUG org.asynchttpclient.netty.request.NettyRequestSender - Using pooled Channel '[id: 0xebe216c7, L:/127.0.0.1:62249 - R:localhost/127.0.0.1:49265]' for 'GET' to 'http://localhost:49265/session/a584e9040e1b288f6280fb32f00d13d1/element/332b16a7-f4aa-46f6-b55e-49f5af22781b/name'
15:22:21.265 [Forwarding getElementTagName on session a584e9040e1b288f6280fb32f00d13d1 to remote] DEBUG org.asynchttpclient.netty.request.NettyRequestSender - Using open Channel [id: 0xebe216c7, L:/127.0.0.1:62249 - R:localhost/127.0.0.1:49265] for GET '/session/a584e9040e1b288f6280fb32f00d13d1/element/332b16a7-f4aa-46f6-b55e-49f5af22781b/name'
15:22:21.270 [AsyncHttpClient-1-2] DEBUG org.asynchttpclient.netty.handler.HttpHandler - 

Request DefaultFullHttpRequest(decodeResult: success, version: HTTP/1.1, content: EmptyByteBufBE)
GET /session/a584e9040e1b288f6280fb32f00d13d1/element/332b16a7-f4aa-46f6-b55e-49f5af22781b/name HTTP/1.1
User-Agent: selenium/4.1.2 (java windows)
Cache-Control: no-cache
Content-Type: application/json; charset=utf-8
host: localhost:49265
accept: */*

Response DefaultHttpResponse(decodeResult: success, version: HTTP/1.1)
HTTP/1.1 200 OK
Content-Type: application/json; charset=utf-8
cache-control: no-cache
content-length: 18

15:22:21.271 [AsyncHttpClient-1-2] DEBUG org.asynchttpclient.netty.channel.ChannelManager - Adding key: http://localhost:49265 for channel [id: 0xebe216c7, L:/127.0.0.1:62249 - R:localhost/127.0.0.1:49265]
15:22:21.274 [Forwarding isElementEnabled on session a584e9040e1b288f6280fb32f00d13d1 to remote] DEBUG org.asynchttpclient.netty.request.NettyRequestSender - Using pooled Channel '[id: 0xebe216c7, L:/127.0.0.1:62249 - R:localhost/127.0.0.1:49265]' for 'GET' to 'http://localhost:49265/session/a584e9040e1b288f6280fb32f00d13d1/element/332b16a7-f4aa-46f6-b55e-49f5af22781b/enabled'
15:22:21.274 [Forwarding isElementEnabled on session a584e9040e1b288f6280fb32f00d13d1 to remote] DEBUG org.asynchttpclient.netty.request.NettyRequestSender - Using open Channel [id: 0xebe216c7, L:/127.0.0.1:62249 - R:localhost/127.0.0.1:49265] for GET '/session/a584e9040e1b288f6280fb32f00d13d1/element/332b16a7-f4aa-46f6-b55e-49f5af22781b/enabled'
15:22:21.292 [AsyncHttpClient-1-2] DEBUG org.asynchttpclient.netty.handler.HttpHandler - 

Request DefaultFullHttpRequest(decodeResult: success, version: HTTP/1.1, content: EmptyByteBufBE)
GET /session/a584e9040e1b288f6280fb32f00d13d1/element/332b16a7-f4aa-46f6-b55e-49f5af22781b/enabled HTTP/1.1
User-Agent: selenium/4.1.2 (java windows)
Cache-Control: no-cache
Content-Type: application/json; charset=utf-8
host: localhost:49265
accept: */*

Response DefaultHttpResponse(decodeResult: success, version: HTTP/1.1)
HTTP/1.1 200 OK
Content-Type: application/json; charset=utf-8
cache-control: no-cache
content-length: 14

15:22:21.293 [AsyncHttpClient-1-2] DEBUG org.asynchttpclient.netty.channel.ChannelManager - Adding key: http://localhost:49265 for channel [id: 0xebe216c7, L:/127.0.0.1:62249 - R:localhost/127.0.0.1:49265]
15:22:21.305 [Forwarding isElementEnabled on session a584e9040e1b288f6280fb32f00d13d1 to remote] DEBUG org.asynchttpclient.netty.request.NettyRequestSender - Using pooled Channel '[id: 0xebe216c7, L:/127.0.0.1:62249 - R:localhost/127.0.0.1:49265]' for 'GET' to 'http://localhost:49265/session/a584e9040e1b288f6280fb32f00d13d1/element/332b16a7-f4aa-46f6-b55e-49f5af22781b/enabled'
15:22:21.306 [Forwarding isElementEnabled on session a584e9040e1b288f6280fb32f00d13d1 to remote] DEBUG org.asynchttpclient.netty.request.NettyRequestSender - Using open Channel [id: 0xebe216c7, L:/127.0.0.1:62249 - R:localhost/127.0.0.1:49265] for GET '/session/a584e9040e1b288f6280fb32f00d13d1/element/332b16a7-f4aa-46f6-b55e-49f5af22781b/enabled'
15:22:21.328 [AsyncHttpClient-1-2] DEBUG org.asynchttpclient.netty.handler.HttpHandler - 

Request DefaultFullHttpRequest(decodeResult: success, version: HTTP/1.1, content: EmptyByteBufBE)
GET /session/a584e9040e1b288f6280fb32f00d13d1/element/332b16a7-f4aa-46f6-b55e-49f5af22781b/enabled HTTP/1.1
User-Agent: selenium/4.1.2 (java windows)
Cache-Control: no-cache
Content-Type: application/json; charset=utf-8
host: localhost:49265
accept: */*

Response DefaultHttpResponse(decodeResult: success, version: HTTP/1.1)
HTTP/1.1 200 OK
Content-Type: application/json; charset=utf-8
cache-control: no-cache
content-length: 14

15:22:21.329 [AsyncHttpClient-1-2] DEBUG org.asynchttpclient.netty.channel.ChannelManager - Adding key: http://localhost:49265 for channel [id: 0xebe216c7, L:/127.0.0.1:62249 - R:localhost/127.0.0.1:49265]
15:22:21.344 [Forwarding findElement on session a584e9040e1b288f6280fb32f00d13d1 to remote] DEBUG org.asynchttpclient.netty.request.NettyRequestSender - Using pooled Channel '[id: 0xebe216c7, L:/127.0.0.1:62249 - R:localhost/127.0.0.1:49265]' for 'POST' to 'http://localhost:49265/session/a584e9040e1b288f6280fb32f00d13d1/element'
15:22:21.344 [Forwarding findElement on session a584e9040e1b288f6280fb32f00d13d1 to remote] DEBUG org.asynchttpclient.netty.request.NettyRequestSender - Using open Channel [id: 0xebe216c7, L:/127.0.0.1:62249 - R:localhost/127.0.0.1:49265] for POST '/session/a584e9040e1b288f6280fb32f00d13d1/element'
15:22:21.362 [AsyncHttpClient-1-2] DEBUG org.asynchttpclient.netty.handler.HttpHandler - 

Request DefaultHttpRequest(decodeResult: success, version: HTTP/1.1)
POST /session/a584e9040e1b288f6280fb32f00d13d1/element HTTP/1.1
User-Agent: selenium/4.1.2 (java windows)
Content-Length: 321
Content-Type: application/json; charset=utf-8
host: localhost:49265
accept: */*

Response DefaultHttpResponse(decodeResult: success, version: HTTP/1.1)
HTTP/1.1 200 OK
Content-Type: application/json; charset=utf-8
cache-control: no-cache
content-length: 88

15:22:21.363 [AsyncHttpClient-1-2] DEBUG org.asynchttpclient.netty.channel.ChannelManager - Adding key: http://localhost:49265 for channel [id: 0xebe216c7, L:/127.0.0.1:62249 - R:localhost/127.0.0.1:49265]
15:22:21.375 [Forwarding clickElement on session a584e9040e1b288f6280fb32f00d13d1 to remote] DEBUG org.asynchttpclient.netty.request.NettyRequestSender - Using pooled Channel '[id: 0xebe216c7, L:/127.0.0.1:62249 - R:localhost/127.0.0.1:49265]' for 'POST' to 'http://localhost:49265/session/a584e9040e1b288f6280fb32f00d13d1/element/332b16a7-f4aa-46f6-b55e-49f5af22781b/click'
15:22:21.376 [Forwarding clickElement on session a584e9040e1b288f6280fb32f00d13d1 to remote] DEBUG org.asynchttpclient.netty.request.NettyRequestSender - Using open Channel [id: 0xebe216c7, L:/127.0.0.1:62249 - R:localhost/127.0.0.1:49265] for POST '/session/a584e9040e1b288f6280fb32f00d13d1/element/332b16a7-f4aa-46f6-b55e-49f5af22781b/click'
15:22:21.519 [AsyncHttpClient-1-2] DEBUG org.asynchttpclient.netty.handler.HttpHandler - 

Request DefaultHttpRequest(decodeResult: success, version: HTTP/1.1)
POST /session/a584e9040e1b288f6280fb32f00d13d1/element/332b16a7-f4aa-46f6-b55e-49f5af22781b/click HTTP/1.1
User-Agent: selenium/4.1.2 (java windows)
Content-Length: 50
Content-Type: application/json; charset=utf-8
host: localhost:49265
accept: */*

Response DefaultHttpResponse(decodeResult: success, version: HTTP/1.1)
HTTP/1.1 200 OK
Content-Type: application/json; charset=utf-8
cache-control: no-cache
content-length: 14

15:22:21.520 [AsyncHttpClient-1-2] DEBUG org.asynchttpclient.netty.channel.ChannelManager - Adding key: http://localhost:49265 for channel [id: 0xebe216c7, L:/127.0.0.1:62249 - R:localhost/127.0.0.1:49265]
  &amp#27;[32mAnd &amp#27;[0m&amp#27;[32mI have logged in&amp#27;[0m                  &amp#27;[90m# starter.stepdefinitions.ManageVaccinationBookingsSteps.iHaveLoggedIn()&amp#27;[0m
15:22:21.550 [Forwarding screenshot on session a584e9040e1b288f6280fb32f00d13d1 to remote] DEBUG org.asynchttpclient.netty.request.NettyRequestSender - Using pooled Channel '[id: 0xebe216c7, L:/127.0.0.1:62249 - R:localhost/127.0.0.1:49265]' for 'GET' to 'http://localhost:49265/session/a584e9040e1b288f6280fb32f00d13d1/screenshot'
[...]
15:22:54.203 [AsyncHttpClient-1-14] DEBUG org.asynchttpclient.netty.handler.HttpHandler - 

Request DefaultFullHttpRequest(decodeResult: success, version: HTTP/1.1, content: EmptyByteBufBE)
GET /session/f7386e42d1cf92cfbe0bf565977922c0/element/3c131591-1fc2-4a4b-8b2d-988af7defd2a/name HTTP/1.1
User-Agent: selenium/4.1.2 (java windows)
Cache-Control: no-cache
Content-Type: application/json; charset=utf-8
host: localhost:57682
accept: */*

Response DefaultHttpResponse(decodeResult: success, version: HTTP/1.1)
HTTP/1.1 200 OK
Content-Type: application/json; charset=utf-8
cache-control: no-cache
content-length: 13

15:22:54.203 [AsyncHttpClient-1-14] DEBUG org.asynchttpclient.netty.channel.ChannelManager - Adding key: http://localhost:57682 for channel [id: 0x6d061a5c, L:/127.0.0.1:62381 - R:localhost/127.0.0.1:57682]
15:22:54.204 [Forwarding getElementTagName on session f7386e42d1cf92cfbe0bf565977922c0 to remote] DEBUG org.asynchttpclient.netty.request.NettyRequestSender - Using pooled Channel '[id: 0x6d061a5c, L:/127.0.0.1:62381 - R:localhost/127.0.0.1:57682]' for 'GET' to 'http://localhost:57682/session/f7386e42d1cf92cfbe0bf565977922c0/element/3c131591-1fc2-4a4b-8b2d-988af7defd2a/name'
15:22:54.204 [Forwarding getElementTagName on session f7386e42d1cf92cfbe0bf565977922c0 to remote] DEBUG org.asynchttpclient.netty.request.NettyRequestSender - Using open Channel [id: 0x6d061a5c, L:/127.0.0.1:62381 - R:localhost/127.0.0.1:57682] for GET '/session/f7386e42d1cf92cfbe0bf565977922c0/element/3c131591-1fc2-4a4b-8b2d-988af7defd2a/name'
15:22:54.210 [AsyncHttpClient-1-14] DEBUG org.asynchttpclient.netty.handler.HttpHandler - 

Request DefaultFullHttpRequest(decodeResult: success, version: HTTP/1.1, content: EmptyByteBufBE)
GET /session/f7386e42d1cf92cfbe0bf565977922c0/element/3c131591-1fc2-4a4b-8b2d-988af7defd2a/name HTTP/1.1
User-Agent: selenium/4.1.2 (java windows)
Cache-Control: no-cache
Content-Type: application/json; charset=utf-8
host: localhost:57682
accept: */*

Response DefaultHttpResponse(decodeResult: success, version: HTTP/1.1)
HTTP/1.1 200 OK
Content-Type: application/json; charset=utf-8
cache-control: no-cache
content-length: 13

15:22:54.210 [AsyncHttpClient-1-14] DEBUG org.asynchttpclient.netty.channel.ChannelManager - Adding key: http://localhost:57682 for channel [id: 0x6d061a5c, L:/127.0.0.1:62381 - R:localhost/127.0.0.1:57682]
15:22:54.214 [Forwarding findElement on session f7386e42d1cf92cfbe0bf565977922c0 to remote] DEBUG org.asynchttpclient.netty.request.NettyRequestSender - Using pooled Channel '[id: 0x6d061a5c, L:/127.0.0.1:62381 - R:localhost/127.0.0.1:57682]' for 'POST' to 'http://localhost:57682/session/f7386e42d1cf92cfbe0bf565977922c0/element'
15:22:54.214 [Forwarding findElement on session f7386e42d1cf92cfbe0bf565977922c0 to remote] DEBUG org.asynchttpclient.netty.request.NettyRequestSender - Using open Channel [id: 0x6d061a5c, L:/127.0.0.1:62381 - R:localhost/127.0.0.1:57682] for POST '/session/f7386e42d1cf92cfbe0bf565977922c0/element'
15:22:54.221 [AsyncHttpClient-1-14] DEBUG org.asynchttpclient.netty.handler.HttpHandler - 

Request DefaultHttpRequest(decodeResult: success, version: HTTP/1.1)
POST /session/f7386e42d1cf92cfbe0bf565977922c0/element HTTP/1.1
User-Agent: selenium/4.1.2 (java windows)
Content-Length: 78
Content-Type: application/json; charset=utf-8
host: localhost:57682
accept: */*

Response DefaultHttpResponse(decodeResult: success, version: HTTP/1.1)
HTTP/1.1 200 OK
Content-Type: application/json; charset=utf-8
cache-control: no-cache
content-length: 88

15:22:54.221 [AsyncHttpClient-1-14] DEBUG org.asynchttpclient.netty.channel.ChannelManager - Adding key: http://localhost:57682 for channel [id: 0x6d061a5c, L:/127.0.0.1:62381 - R:localhost/127.0.0.1:57682]
15:22:54.223 [Forwarding clickElement on session f7386e42d1cf92cfbe0bf565977922c0 to remote] DEBUG org.asynchttpclient.netty.request.NettyRequestSender - Using pooled Channel '[id: 0x6d061a5c, L:/127.0.0.1:62381 - R:localhost/127.0.0.1:57682]' for 'POST' to 'http://localhost:57682/session/f7386e42d1cf92cfbe0bf565977922c0/element/3c131591-1fc2-4a4b-8b2d-988af7defd2a/click'
15:22:54.223 [Forwarding clickElement on session f7386e42d1cf92cfbe0bf565977922c0 to remote] DEBUG org.asynchttpclient.netty.request.NettyRequestSender - Using open Channel [id: 0x6d061a5c, L:/127.0.0.1:62381 - R:localhost/127.0.0.1:57682] for POST '/session/f7386e42d1cf92cfbe0bf565977922c0/element/3c131591-1fc2-4a4b-8b2d-988af7defd2a/click'
15:22:54.434 [AsyncHttpClient-1-14] DEBUG org.asynchttpclient.netty.handler.HttpHandler - 

Request DefaultHttpRequest(decodeResult: success, version: HTTP/1.1)
POST /session/f7386e42d1cf92cfbe0bf565977922c0/element/3c131591-1fc2-4a4b-8b2d-988af7defd2a/click HTTP/1.1
User-Agent: selenium/4.1.2 (java windows)
Content-Length: 50
Content-Type: application/json; charset=utf-8
host: localhost:57682
accept: */*

Response DefaultHttpResponse(decodeResult: success, version: HTTP/1.1)
HTTP/1.1 200 OK
Content-Type: application/json; charset=utf-8
cache-control: no-cache
content-length: 14

15:22:54.435 [AsyncHttpClient-1-14] DEBUG org.asynchttpclient.netty.channel.ChannelManager - Adding key: http://localhost:57682 for channel [id: 0x6d061a5c, L:/127.0.0.1:62381 - R:localhost/127.0.0.1:57682]
  &amp#27;[32mWhen &amp#27;[0m&amp#27;[32mI go to Daftar Vaksin page&amp#27;[0m      &amp#27;[90m# starter.stepdefinitions.VaccineNamesSteps.iGoToDaftarVaksinPage()&amp#27;[0m
15:22:54.446 [Forwarding screenshot on session f7386e42d1cf92cfbe0bf565977922c0 to remote] DEBUG org.asynchttpclient.netty.request.NettyRequestSender - Using pooled Channel '[id: 0x6d061a5c, L:/127.0.0.1:62381 - R:localhost/127.0.0.1:57682]' for 'GET' to 'http://localhost:57682/session/f7386e42d1cf92cfbe0bf565977922c0/screenshot'
15:22:54.446 [Forwarding screenshot on session f7386e42d1cf92cfbe0bf565977922c0 to remote] DEBUG org.asynchttpclient.netty.request.NettyRequestSender - Using open Channel [id: 0x6d061a5c, L:/127.0.0.1:62381 - R:localhost/127.0.0.1:57682] for GET '/session/f7386e42d1cf92cfbe0bf565977922c0/screenshot'
15:22:54.766 [AsyncHttpClient-1-14] DEBUG org.asynchttpclient.netty.handler.HttpHandler - 

Request DefaultFullHttpRequest(decodeResult: success, version: HTTP/1.1, content: EmptyByteBufBE)
GET /session/f7386e42d1cf92cfbe0bf565977922c0/screenshot HTTP/1.1
User-Agent: selenium/4.1.2 (java windows)
Cache-Control: no-cache
Content-Type: application/json; charset=utf-8
host: localhost:57682
accept: */*

Response DefaultHttpResponse(decodeResult: success, version: HTTP/1.1)
HTTP/1.1 200 OK
Content-Type: application/json; charset=utf-8
cache-control: no-cache
content-length: 140292

15:22:54.767 [AsyncHttpClient-1-14] DEBUG org.asynchttpclient.netty.channel.ChannelManager - Adding key: http://localhost:57682 for channel [id: 0x6d061a5c, L:/127.0.0.1:62381 - R:localhost/127.0.0.1:57682]
15:22:54.773 [main] DEBUG net.serenitybdd.core.photography.Darkroom - Send negative for processing for target\site\serenity\3716ab105374026c6a5a4f62e06bab7d8f5a44c1bcea0dba5a0a2ae3fdedbf21.png
15:22:54.774 [Darkroom Processing Line] DEBUG net.serenitybdd.core.photography.DarkroomProcessingLine - Processing screenshot image in /var/screenshots/screenshot-11565195579172780434
15:22:54.774 [Darkroom Processing Line] DEBUG net.serenitybdd.core.photography.DarkroomProcessingLine - Saving screenshot to target\site\serenity\3716ab105374026c6a5a4f62e06bab7d8f5a44c1bcea0dba5a0a2ae3fdedbf21.png
15:22:54.796 [Forwarding findElement on session f7386e42d1cf92cfbe0bf565977922c0 to remote] DEBUG org.asynchttpclient.netty.request.NettyRequestSender - Using pooled Channel '[id: 0x6d061a5c, L:/127.0.0.1:62381 - R:localhost/127.0.0.1:57682]' for 'POST' to 'http://localhost:57682/session/f7386e42d1cf92cfbe0bf565977922c0/element'
15:22:54.796 [Forwarding findElement on session f7386e42d1cf92cfbe0bf565977922c0 to remote] DEBUG org.asynchttpclient.netty.request.NettyRequestSender - Using open Channel [id: 0x6d061a5c, L:/127.0.0.1:62381 - R:localhost/127.0.0.1:57682] for POST '/session/f7386e42d1cf92cfbe0bf565977922c0/element'
15:22:54.809 [AsyncHttpClient-1-14] DEBUG org.asynchttpclient.netty.handler.HttpHandler - 

Request DefaultHttpRequest(decodeResult: success, version: HTTP/1.1)
POST /session/f7386e42d1cf92cfbe0bf565977922c0/element HTTP/1.1
User-Agent: selenium/4.1.2 (java windows)
Content-Length: 78
Content-Type: application/json; charset=utf-8
host: localhost:57682
accept: */*

Response DefaultHttpResponse(decodeResult: success, version: HTTP/1.1)
HTTP/1.1 200 OK
Content-Type: application/json; charset=utf-8
cache-control: no-cache
content-length: 88

15:22:54.809 [AsyncHttpClient-1-14] DEBUG org.asynchttpclient.netty.channel.ChannelManager - Adding key: http://localhost:57682 for channel [id: 0x6d061a5c, L:/127.0.0.1:62381 - R:localhost/127.0.0.1:57682]
15:22:54.814 [Forwarding isElementDisplayed on session f7386e42d1cf92cfbe0bf565977922c0 to remote] DEBUG org.asynchttpclient.netty.request.NettyRequestSender - Using pooled Channel '[id: 0x6d061a5c, L:/127.0.0.1:62381 - R:localhost/127.0.0.1:57682]' for 'POST' to 'http://localhost:57682/session/f7386e42d1cf92cfbe0bf565977922c0/execute/sync'
15:22:54.815 [Forwarding isElementDisplayed on session f7386e42d1cf92cfbe0bf565977922c0 to remote] DEBUG org.asynchttpclient.netty.request.NettyRequestSender - Using open Channel [id: 0x6d061a5c, L:/127.0.0.1:62381 - R:localhost/127.0.0.1:57682] for POST '/session/f7386e42d1cf92cfbe0bf565977922c0/execute/sync'
15:22:54.841 [AsyncHttpClient-1-14] DEBUG org.asynchttpclient.netty.handler.HttpHandler - 

Request DefaultHttpRequest(decodeResult: success, version: HTTP/1.1)
POST /session/f7386e42d1cf92cfbe0bf565977922c0/execute/sync HTTP/1.1
User-Agent: selenium/4.1.2 (java windows)
Content-Length: 48780
Content-Type: application/json; charset=utf-8
host: localhost:57682
accept: */*

Response DefaultHttpResponse(decodeResult: success, version: HTTP/1.1)
HTTP/1.1 200 OK
Content-Type: application/json; charset=utf-8
cache-control: no-cache
content-length: 14

15:22:54.841 [AsyncHttpClient-1-14] DEBUG org.asynchttpclient.netty.channel.ChannelManager - Adding key: http://localhost:57682 for channel [id: 0x6d061a5c, L:/127.0.0.1:62381 - R:localhost/127.0.0.1:57682]
  &amp#27;[32mThen &amp#27;[0m&amp#27;[32mvaccine names will be displayed&amp#27;[0m &amp#27;[90m# starter.stepdefinitions.VaccineNamesSteps.vaccineNamesWillBeDisplayed()&amp#27;[0m
15:22:54.846 [Forwarding screenshot on session f7386e42d1cf92cfbe0bf565977922c0 to remote] DEBUG org.asynchttpclient.netty.request.NettyRequestSender - Using pooled Channel '[id: 0x6d061a5c, L:/127.0.0.1:62381 - R:localhost/127.0.0.1:57682]' for 'GET' to 'http://localhost:57682/session/f7386e42d1cf92cfbe0bf565977922c0/screenshot'
15:22:54.846 [Forwarding screenshot on session f7386e42d1cf92cfbe0bf565977922c0 to remote] DEBUG org.asynchttpclient.netty.request.NettyRequestSender - Using open Channel [id: 0x6d061a5c, L:/127.0.0.1:62381 - R:localhost/127.0.0.1:57682] for GET '/session/f7386e42d1cf92cfbe0bf565977922c0/screenshot'
15:22:54.974 [AsyncHttpClient-1-14] DEBUG org.asynchttpclient.netty.handler.HttpHandler - 

Request DefaultFullHttpRequest(decodeResult: success, version: HTTP/1.1, content: EmptyByteBufBE)
GET /session/f7386e42d1cf92cfbe0bf565977922c0/screenshot HTTP/1.1
User-Agent: selenium/4.1.2 (java windows)
Cache-Control: no-cache
Content-Type: application/json; charset=utf-8
host: localhost:57682
accept: */*

Response DefaultHttpResponse(decodeResult: success, version: HTTP/1.1)
HTTP/1.1 200 OK
Content-Type: application/json; charset=utf-8
cache-control: no-cache
content-length: 158584

15:22:54.975 [AsyncHttpClient-1-14] DEBUG org.asynchttpclient.netty.channel.ChannelManager - Adding key: http://localhost:57682 for channel [id: 0x6d061a5c, L:/127.0.0.1:62381 - R:localhost/127.0.0.1:57682]
15:22:54.981 [main] DEBUG net.serenitybdd.core.photography.Darkroom - Send negative for processing for target\site\serenity\71cca4aee9b2b2f04508035cc148f345a4ff20a621f8f13e735d97174f77f399.png
15:22:54.981 [Darkroom Processing Line] DEBUG net.serenitybdd.core.photography.DarkroomProcessingLine - Processing screenshot image in /var/screenshots/screenshot-3063498605043523778
15:22:54.981 [Darkroom Processing Line] DEBUG net.serenitybdd.core.photography.DarkroomProcessingLine - Saving screenshot to target\site\serenity\71cca4aee9b2b2f04508035cc148f345a4ff20a621f8f13e735d97174f77f399.png
15:22:54.984 [main] INFO  - 
  _____   ___   ___   _____     ___     _     ___   ___   ___   ___  
 |_   _| | __| / __| |_   _|   | _ \   /_\   / __| / __| | __| |   \ 
   | |   | _|  \__ \   | |     |  _/  / _ \  \__ \ \__ \ | _|  | |) |
   |_|   |___| |___/   |_|     |_|   /_/ \_\ |___/ |___/ |___| |___/ 


----------------------------------------------------------------------
15:22:54.987 [AsyncHttpClient-1-16] DEBUG org.asynchttpclient.netty.handler.WebSocketHandler - Channel Closed: [id: 0x3883d127, L:/127.0.0.1:62389 ! R:localhost/127.0.0.1:62382] with attribute NettyResponseFuture{currentRetry=5,
	isDone=1,
	isCancelled=0,
	asyncHandler=org.asynchttpclient.ws.WebSocketUpgradeHandler@300b14a,
	nettyRequest=org.asynchttpclient.netty.request.NettyRequest@46023f4e,
	future=java.util.concurrent.CompletableFuture@96414be[Completed normally],
	uri=ws://localhost:62382/devtools/browser/1ce62525-2e9d-4095-981b-f2f25155b0aa,
	keepAlive=true,
	redirectCount=0,
	timeoutsHolder=null,
	inAuth=0,
	touch=1671610971671}
15:22:54.987 [AsyncHttpClient-1-16] DEBUG org.asynchttpclient.netty.channel.ChannelManager - Closing Channel [id: 0x3883d127, L:/127.0.0.1:62389 ! R:localhost/127.0.0.1:62382] 
15:22:54.988 [Driver Command Executor] DEBUG org.asynchttpclient.netty.request.NettyRequestSender - Using pooled Channel '[id: 0x6d061a5c, L:/127.0.0.1:62381 - R:localhost/127.0.0.1:57682]' for 'DELETE' to 'http://localhost:57682/session/f7386e42d1cf92cfbe0bf565977922c0'
15:22:54.988 [Driver Command Executor] DEBUG org.asynchttpclient.netty.request.NettyRequestSender - Using open Channel [id: 0x6d061a5c, L:/127.0.0.1:62381 - R:localhost/127.0.0.1:57682] for DELETE '/session/f7386e42d1cf92cfbe0bf565977922c0'
15:22:55.014 [AsyncHttpClient-1-15] DEBUG org.asynchttpclient.netty.handler.HttpHandler - Unexpected I/O exception on channel [id: 0xad245ab7, L:/127.0.0.1:62388 - R:localhost/127.0.0.1:62382]
java.io.IOException: An existing connection was forcibly closed by the remote host
	at java.base/sun.nio.ch.SocketDispatcher.read0(Native Method)
	at java.base/sun.nio.ch.SocketDispatcher.read(SocketDispatcher.java:43)
	at java.base/sun.nio.ch.IOUtil.readIntoNativeBuffer(IOUtil.java:276)
	at java.base/sun.nio.ch.IOUtil.read(IOUtil.java:233)
	at java.base/sun.nio.ch.IOUtil.read(IOUtil.java:223)
	at java.base/sun.nio.ch.SocketChannelImpl.read(SocketChannelImpl.java:358)
	at io.netty.buffer.PooledByteBuf.setBytes(PooledByteBuf.java:258)
	at io.netty.buffer.AbstractByteBuf.writeBytes(AbstractByteBuf.java:1132)
	at io.netty.channel.socket.nio.NioSocketChannel.doReadBytes(NioSocketChannel.java:350)
	at io.netty.channel.nio.AbstractNioByteChannel$NioByteUnsafe.read(AbstractNioByteChannel.java:151)
	at io.netty.channel.nio.NioEventLoop.processSelectedKey(NioEventLoop.java:722)
	at io.netty.channel.nio.NioEventLoop.processSelectedKeysOptimized(NioEventLoop.java:658)
	at io.netty.channel.nio.NioEventLoop.processSelectedKeys(NioEventLoop.java:584)
	at io.netty.channel.nio.NioEventLoop.run(NioEventLoop.java:496)
	at io.netty.util.concurrent.SingleThreadEventExecutor$4.run(SingleThreadEventExecutor.java:986)
	at io.netty.util.internal.ThreadExecutorMap$2.run(ThreadExecutorMap.java:74)
	at io.netty.util.concurrent.FastThreadLocalRunnable.run(FastThreadLocalRunnable.java:30)
	at java.base/java.lang.Thread.run(Thread.java:834)
15:22:55.014 [AsyncHttpClient-1-15] DEBUG org.asynchttpclient.netty.channel.ChannelManager - Closing Channel [id: 0xad245ab7, L:/127.0.0.1:62388 - R:localhost/127.0.0.1:62382] 
15:22:55.015 [AsyncHttpClient-1-15] DEBUG org.asynchttpclient.netty.handler.HttpHandler - Channel Closed: [id: 0xad245ab7, L:/127.0.0.1:62388 ! R:localhost/127.0.0.1:62382] with attribute DISCARD
15:22:55.044 [AsyncHttpClient-1-14] DEBUG org.asynchttpclient.netty.handler.HttpHandler - 

Request DefaultFullHttpRequest(decodeResult: success, version: HTTP/1.1, content: EmptyByteBufBE)
DELETE /session/f7386e42d1cf92cfbe0bf565977922c0 HTTP/1.1
User-Agent: selenium/4.1.2 (java windows)
Content-Type: application/json; charset=utf-8
host: localhost:57682
accept: */*

Response DefaultHttpResponse(decodeResult: success, version: HTTP/1.1)
HTTP/1.1 200 OK
Content-Type: application/json; charset=utf-8
cache-control: no-cache
content-length: 14

15:22:55.044 [AsyncHttpClient-1-14] DEBUG org.asynchttpclient.netty.channel.ChannelManager - Adding key: http://localhost:57682 for channel [id: 0x6d061a5c, L:/127.0.0.1:62381 - R:localhost/127.0.0.1:57682]
15:22:55.099 [AsyncHttpClient-1-14] DEBUG org.asynchttpclient.netty.handler.HttpHandler - Channel Closed: [id: 0x6d061a5c, L:/127.0.0.1:62381 ! R:localhost/127.0.0.1:57682] with attribute DISCARD
15:22:55.126 [AsyncHttpClient-1-1] DEBUG org.asynchttpclient.netty.channel.DefaultChannelPool - Entry count for : http://localhost:57682 : 1
15:22:55.126 [AsyncHttpClient-1-1] DEBUG org.asynchttpclient.netty.channel.DefaultChannelPool - Entry count for : http://localhost:62382 : 1
15:22:55.126 [AsyncHttpClient-1-1] DEBUG org.asynchttpclient.netty.channel.DefaultChannelPool - Adding Candidate expired Channel [id: 0x6d061a5c, L:/127.0.0.1:62381 ! R:localhost/127.0.0.1:57682] isIdleTimeoutExpired=false isRemotelyClosed=true isTtlExpired=false
15:22:55.126 [AsyncHttpClient-1-1] DEBUG org.asynchttpclient.netty.channel.DefaultChannelPool - Closing Idle Channel [id: 0x6d061a5c, L:/127.0.0.1:62381 ! R:localhost/127.0.0.1:57682]
15:22:55.126 [AsyncHttpClient-1-1] DEBUG org.asynchttpclient.netty.channel.DefaultChannelPool - Adding Candidate expired Channel [id: 0xad245ab7, L:/127.0.0.1:62388 ! R:localhost/127.0.0.1:62382] isIdleTimeoutExpired=false isRemotelyClosed=true isTtlExpired=false
15:22:55.126 [AsyncHttpClient-1-1] DEBUG org.asynchttpclient.netty.channel.DefaultChannelPool - Closing Idle Channel [id: 0xad245ab7, L:/127.0.0.1:62388 ! R:localhost/127.0.0.1:62382]
15:22:55.126 [AsyncHttpClient-1-1] DEBUG org.asynchttpclient.netty.channel.DefaultChannelPool - Closed 2 connections out of 2 in 0 ms
]]></system-out>
    <system-err><![CDATA[Starting ChromeDriver 108.0.5359.71 (1e0e3868ee06e91ad636a874420e3ca3ae3756ac-refs/branch-heads/5359@{#1016}) on port 57682
Only local connections are allowed.
Please see https://chromedriver.chromium.org/security-considerations for suggestions on keeping ChromeDriver safe.
ChromeDriver was started successfully.
Dec 21, 2022 3:22:51 PM org.openqa.selenium.remote.ProtocolHandshake createSession
INFO: Detected dialect: W3C
Dec 21, 2022 3:22:51 PM org.openqa.selenium.devtools.CdpVersionFinder findNearestMatch
WARNING: Unable to find an exact match for CDP version 108, so returning the closest version found: a no-op implementation
Dec 21, 2022 3:22:51 PM org.openqa.selenium.devtools.CdpVersionFinder findNearestMatch
INFO: Unable to find CDP implementation matching 108.
Dec 21, 2022 3:22:51 PM org.openqa.selenium.chromium.ChromiumDriver lambda$new$3
WARNING: Unable to find version of CDP to use for . You may need to include a dependency on a specific version of the CDP using something similar to `org.seleniumhq.selenium:selenium-devtools-v86:4.1.2` where the version ("v86") matches the version of the chromium-based browser you're using and the version number of the artifact is the same as Selenium's.
]]></system-err>
  </testcase>
</testsuite>